#
# A fatal error has been detected by the Java Runtime Environment:
#
#  EXCEPTION_ACCESS_VIOLATION (0xc0000005) at pc=0x00007ffaaa50f75a, pid=19988, tid=3596
#
# JRE version: Java(TM) SE Runtime Environment (15.0+36) (build 15+36-1562)
# Java VM: Java HotSpot(TM) 64-Bit Server VM (15+36-1562, mixed mode, sharing, tiered, compressed oops, g1 gc, windows-amd64)
# Problematic frame:
# V  [jvm.dll+0x4ef75a]
#
# No core dump will be written. Minidumps are not enabled by default on client versions of Windows
#
# If you would like to submit a bug report, please visit:
#   https://bugreport.java.com/bugreport/crash.jsp
#

---------------  S U M M A R Y ------------

Command Line: -agentlib:jdwp=transport=dt_socket,suspend=y,address=localhost:50929 -javaagent:C:\Users\hanna\Desktop\eclipse\configuration\org.eclipse.osgi\222\0\.cp\lib\javaagent-shaded.jar -Dfile.encoding=Cp1252 MinimumAndMaximumTutorial9thNov2020

Host: Intel(R) Core(TM) i5-10210U CPU @ 1.60GHz, 8 cores, 7G,  Windows 10 , 64 bit Build 18362 (10.0.18362.1110)
Time: Mon Nov  9 13:49:06 2020 GMT Standard Time elapsed time: 536.636194 seconds (0d 0h 8m 56s)

---------------  T H R E A D  ---------------

Current thread (0x000001fcb37709a0):  VMThread "VM Thread" [stack: 0x000000786c900000,0x000000786ca00000] [id=3596]

Stack: [0x000000786c900000,0x000000786ca00000],  sp=0x000000786c9ff5a0,  free space=1021k
Native frames: (J=compiled Java code, j=interpreted, Vv=VM code, C=native code)
V  [jvm.dll+0x4ef75a]
V  [jvm.dll+0x4ef0b4]
V  [jvm.dll+0x782e3b]
V  [jvm.dll+0x786c73]
V  [jvm.dll+0x787535]
V  [jvm.dll+0x78776e]
V  [jvm.dll+0x73c64a]
V  [jvm.dll+0x628d16]
C  [ucrtbase.dll+0x210b2]
C  [KERNEL32.DLL+0x17c24]
C  [ntdll.dll+0x6cea1]


siginfo: EXCEPTION_ACCESS_VIOLATION (0xc0000005), reading address 0xffffffffffffffff


Register to memory mapping:

RIP=0x00007ffaaa50f75a jvm.dll
RAX=0x000001fcb3c182ca is pointing into metadata
RBX=0x0000000000000008 is an unknown value
RCX=0x0 is NULL
RDX=0x0000000000000001 is an unknown value
RSP=0x000000786c9ff5a0 points into unknown readable memory: 0x000001fcb3c1a248 | 48 a2 c1 b3 fc 01 00 00
RBP=0x000001fcb42cdb70 points into unknown readable memory: 0x000001fcb42cdb70 | 70 db 2c b4 fc 01 00 00
RSI={method} {0x000001fcb3c182e8} 
[error occurred during error reporting (printing register info), id 0xc0000005, EXCEPTION_ACCESS_VIOLATION (0xc0000005) at pc=0x00007ffaaa5ff633]

Registers:
RAX=0x000001fcb3c182ca, RBX=0x0000000000000008, RCX=0x0000000000000000, RDX=0x0000000000000001
RSP=0x000000786c9ff5a0, RBP=0x000001fcb42cdb70, RSI=0x000001fcb3c182e0, RDI=0x000001fc94e57860
R8 =0x000001fcb3c181e8, R9 =0xbf0001b700e65910, R10=0x0000000800405fe8, R11=0x0000000000000040
R12=0x000000786c9ff650, R13=0x0000000800403968, R14=0x000001fcb43b2f10, R15=0x0000000800bbaa50
RIP=0x00007ffaaa50f75a, EFLAGS=0x0000000000010202

Top of Stack: (sp=0x000000786c9ff5a0)
0x000000786c9ff5a0:   000001fcb3c1a248 000000786d4ff5b0
0x000000786c9ff5b0:   000001fcb42cdb70 000000786d4ff5b0
0x000000786c9ff5c0:   0000000000000000 0000000800405fe8
0x000000786c9ff5d0:   000001fc94e57860 000001fcb42cdb70
0x000000786c9ff5e0:   000000786d4ff5b0 000001fcb43b2f10
0x000000786c9ff5f0:   000000786d4ff5b0 000001fcb42cdb70
0x000000786c9ff600:   00000000000003d8 00007ffaaaae6130
0x000000786c9ff610:   00007ffaaa867ea0 000001fcb42cdf30
0x000000786c9ff620:   000001fcb42cde70 00007ffaaa50f0b4
0x000000786c9ff630:   000000786d4ff5b0 000000786c9ff650
0x000000786c9ff640:   000001fcb3763710 000001fcb3763a00
0x000000786c9ff650:   00007ffaaa600220 0000000000000000
0x000000786c9ff660:   000001fcb3763710 00007ffaaa7a2e3b
0x000000786c9ff670:   000001fcb3763720 000000786d4ff540
0x000000786c9ff680:   000001fcb3763af8 000001fcb37602f0
0x000000786c9ff690:   00007ffaaa8f9120 00007ffaaa8f9128 

Instructions: (pc=0x00007ffaaa50f75a)
0x00007ffaaa50f65a:   8b 5c 24 30 48 89 77 18 48 8b 74 24 38 48 83 c4
0x00007ffaaa50f66a:   20 5f c3 cc cc cc 48 89 54 24 10 48 89 4c 24 08
0x00007ffaaa50f67a:   53 57 41 54 41 55 41 57 48 83 ec 60 48 8b d9 4c
0x00007ffaaa50f68a:   8b e2 48 63 4a 08 48 03 4b 08 8b 53 10 41 ff 14
0x00007ffaaa50f69a:   24 44 8b 05 ea e7 5d 00 65 48 8b 04 25 58 00 00
0x00007ffaaa50f6aa:   00 41 bb 40 00 00 00 4a 8b 3c c0 48 89 7c 24 30
0x00007ffaaa50f6ba:   41 80 3c 3b 00 75 0b e8 d6 7c 2e 00 41 bb 40 00
0x00007ffaaa50f6ca:   00 00 48 8b 43 08 48 8b 48 08 48 8b 51 08 0f b7
0x00007ffaaa50f6da:   41 2a 4c 8b 6c c2 48 0f b7 41 2c 4c 8b 54 c2 48
0x00007ffaaa50f6ea:   48 8b 42 18 4c 89 54 24 28 4c 8b b8 78 01 00 00
0x00007ffaaa50f6fa:   4d 85 ff 0f 84 bc 01 00 00 48 89 74 24 50 48 89
0x00007ffaaa50f70a:   6c 24 58 4c 89 74 24 48 bb 08 00 00 00 66 0f 1f
0x00007ffaaa50f71a:   84 00 00 00 00 00 49 8b 8f 90 01 00 00 8b 01 83
0x00007ffaaa50f72a:   e8 01 48 63 d0 0f 88 65 01 00 00 4c 8d 42 01 4e
0x00007ffaaa50f73a:   8d 04 c1 0f 1f 00 49 8b 30 0f b6 46 2a c0 e8 05
0x00007ffaaa50f74a:   a8 01 74 1e 48 8b 46 08 4c 8b 48 08 0f b7 48 2a
0x00007ffaaa50f75a:   4d 39 6c c9 48 75 0b 0f b7 48 2c 4d 39 54 c9 48
0x00007ffaaa50f76a:   74 0f 49 83 e8 08 48 83 ea 01 79 ca e9 1f 01 00
0x00007ffaaa50f77a:   00 41 80 3c 3b 00 75 05 e8 15 7c 2e 00 48 83 3d
0x00007ffaaa50f78a:   49 5f 59 00 00 8b c3 48 8b 0c 38 48 8b a9 90 02
0x00007ffaaa50f79a:   00 00 48 8b 5d 18 48 8b 7d 20 48 8b 45 28 4c 8b
0x00007ffaaa50f7aa:   75 10 48 89 9c 24 a0 00 00 00 48 89 bc 24 a8 00
0x00007ffaaa50f7ba:   00 00 48 89 44 24 20 0f 84 86 00 00 00 49 8b 04
0x00007ffaaa50f7ca:   24 48 8d 0d 4e 0a 0f 00 48 3b c1 75 16 48 85 c0
0x00007ffaaa50f7da:   74 08 41 83 7c 24 08 00 75 09 4c 8d 25 fd 31 3c
0x00007ffaaa50f7ea:   00 eb 07 4c 8d 25 fc 31 3c 00 4c 8b 46 08 4d 8b
0x00007ffaaa50f7fa:   48 08 41 0f b7 40 2c 49 8b 4c c1 48 41 0f b7 40
0x00007ffaaa50f80a:   2a 49 8b 5c c1 48 e8 2b 5f 20 00 48 8b cb 48 8b
0x00007ffaaa50f81a:   f8 e8 20 5f 20 00 4c 8b c0 48 8d 0d ce 31 3c 00
0x00007ffaaa50f82a:   4c 8b cf 49 8b d4 e8 5b ec ff ff 48 8b 9c 24 a0
0x00007ffaaa50f83a:   00 00 00 48 8b bc 24 a8 00 00 00 4c 8b a4 24 98
0x00007ffaaa50f84a:   00 00 00 48 8b 84 24 90 00 00 00 49 63 4c 24 08 


Stack slot to memory mapping:
stack at sp + 0 slots: {method} {0x000001fcb3c1a250} 'main' '([Ljava/lang/String;)V' in 'MinimumAndMaximumTutorial9thNov2020'
stack at sp + 1 slots: 0x000000786d4ff5b0 is pointing into the stack for thread: 0x000001fcb42c4580
stack at sp + 2 slots: 0x000001fcb42cdb70 points into unknown readable memory: 0x000001fcb42cdb70 | 70 db 2c b4 fc 01 00 00
stack at sp + 3 slots: 0x000000786d4ff5b0 is pointing into the stack for thread: 0x000001fcb42c4580
stack at sp + 4 slots: 0x0 is NULL
stack at sp + 5 slots: 0x0000000800405fe8 is pointing into metadata
stack at sp + 6 slots: 0x000001fc94e57860 points into unknown readable memory: 0x0000000000000000 | 00 00 00 00 00 00 00 00
stack at sp + 7 slots: 0x000001fcb42cdb70 points into unknown readable memory: 0x000001fcb42cdb70 | 70 db 2c b4 fc 01 00 00

VM_Operation (0x000000786d4ff540): ChangeBreakpoints, mode: safepoint, requested by thread 0x000001fcb42c4580


---------------  P R O C E S S  ---------------

Threads class SMR info:
_java_thread_list=0x000001fcb43c9110, length=14, elements={
0x000001fc94e03af0, 0x000001fcb3772130, 0x000001fcb3772c10, 0x000001fcb378ca10,
0x000001fcb378f3e0, 0x000001fcb3792dc0, 0x000001fcb3796fb0, 0x000001fcb3797a60,
0x000001fcb37ac480, 0x000001fcb3758c10, 0x000001fcb42c4580, 0x000001fcb435d230,
0x000001fcb435d720, 0x000001fcb43b3cc0
}

Java Threads: ( => current thread )
  0x000001fc94e03af0 JavaThread "main" [_thread_blocked, id=10544, stack(0x000000786c300000,0x000000786c400000)]
  0x000001fcb3772130 JavaThread "Reference Handler" daemon [_thread_blocked, id=17864, stack(0x000000786ca00000,0x000000786cb00000)]
  0x000001fcb3772c10 JavaThread "Finalizer" daemon [_thread_blocked, id=4816, stack(0x000000786cb00000,0x000000786cc00000)]
  0x000001fcb378ca10 JavaThread "Signal Dispatcher" daemon [_thread_blocked, id=9180, stack(0x000000786cc00000,0x000000786cd00000)]
  0x000001fcb378f3e0 JavaThread "Attach Listener" daemon [_thread_blocked, id=572, stack(0x000000786cd00000,0x000000786ce00000)]
  0x000001fcb3792dc0 JavaThread "Service Thread" daemon [_thread_blocked, id=11564, stack(0x000000786ce00000,0x000000786cf00000)]
  0x000001fcb3796fb0 JavaThread "C2 CompilerThread0" daemon [_thread_blocked, id=17424, stack(0x000000786cf00000,0x000000786d000000)]
  0x000001fcb3797a60 JavaThread "C1 CompilerThread0" daemon [_thread_blocked, id=5972, stack(0x000000786d000000,0x000000786d100000)]
  0x000001fcb37ac480 JavaThread "Sweeper thread" daemon [_thread_blocked, id=21108, stack(0x000000786d100000,0x000000786d200000)]
  0x000001fcb3758c10 JavaThread "Common-Cleaner" daemon [_thread_blocked, id=15876, stack(0x000000786d200000,0x000000786d300000)]
  0x000001fcb42c4580 JavaThread "JDWP Transport Listener: dt_socket" daemon [_thread_blocked, id=5084, stack(0x000000786d400000,0x000000786d500000)]
  0x000001fcb435d230 JavaThread "JDWP Event Helper Thread" daemon [_thread_blocked, id=9300, stack(0x000000786d500000,0x000000786d600000)]
  0x000001fcb435d720 JavaThread "JDWP Command Reader" daemon [_thread_in_native, id=10280, stack(0x000000786d600000,0x000000786d700000)]
  0x000001fcb43b3cc0 JavaThread "Notification Thread" daemon [_thread_blocked, id=8720, stack(0x000000786d300000,0x000000786d400000)]

Other Threads:
=>0x000001fcb37709a0 VMThread "VM Thread" [stack: 0x000000786c900000,0x000000786ca00000] [id=3596]
  0x000001fc94e04e90 WatcherThread [stack: 0x000000786d700000,0x000000786d800000] [id=17672]
  0x000001fc94e42040 GCTaskThread "GC Thread#0" [stack: 0x000000786c400000,0x000000786c500000] [id=12128]
  0x000001fc94e54210 ConcurrentGCThread "G1 Main Marker" [stack: 0x000000786c500000,0x000000786c600000] [id=19424]
  0x000001fc94e55d20 ConcurrentGCThread "G1 Conc#0" [stack: 0x000000786c600000,0x000000786c700000] [id=7152]
  0x000001fc94ece4b0 ConcurrentGCThread "G1 Refine#0" [stack: 0x000000786c700000,0x000000786c800000] [id=10048]
  0x000001fcb35e20a0 ConcurrentGCThread "G1 Young RemSet Sampling" [stack: 0x000000786c800000,0x000000786c900000] [id=6960]

Threads with active compile tasks:

VM state: at safepoint (normal execution)

VM Mutex/Monitor currently owned by a thread:  ([mutex/lock_event])
[0x000001fc94dffc80] Threads_lock - owner thread: 0x000001fcb37709a0

Heap address: 0x0000000083e00000, size: 1986 MB, Compressed Oops mode: 32-bit
CDS archive(s) mapped at: [0x0000000800000000-0x0000000800b50000-0x0000000800b50000), size 11862016, SharedBaseAddress: 0x0000000800000000, ArchiveRelocationMode: 0.
Compressed class space mapped at: 0x0000000800b50000-0x0000000840b50000, size: 1073741824
Narrow klass base: 0x0000000800000000, Narrow klass shift: 3, Narrow klass range: 0x100000000

GC Precious Log:
 CPUs: 8 total, 8 available
 Memory: 7942M
 Large Page Support: Disabled
 NUMA Support: Disabled
 Compressed Oops: Enabled (32-bit)
 Heap Region Size: 1M
 Heap Min Capacity: 8M
 Heap Initial Capacity: 126M
 Heap Max Capacity: 1986M
 Pre-touch: Disabled
 Parallel Workers: 8
 Concurrent Workers: 2
 Concurrent Refinement Workers: 8
 Periodic GC: Disabled

Heap:
 garbage-first heap   total 129024K, used 4096K [0x0000000083e00000, 0x0000000100000000)
  region size 1024K, 5 young (5120K), 0 survivors (0K)
 Metaspace       used 2711K, capacity 4806K, committed 5120K, reserved 1056768K
  class space    used 247K, capacity 429K, committed 512K, reserved 1048576K

Heap Regions: E=young(eden), S=young(survivor), O=old, HS=humongous(starts), HC=humongous(continues), CS=collection set, F=free, OA=open archive, CA=closed archive, TAMS=top-at-mark-start (previous, next)
|   0|0x0000000083e00000, 0x0000000083e00000, 0x0000000083f00000|  0%| F|  |TAMS 0x0000000083e00000, 0x0000000083e00000| Untracked 
|   1|0x0000000083f00000, 0x0000000083f00000, 0x0000000084000000|  0%| F|  |TAMS 0x0000000083f00000, 0x0000000083f00000| Untracked 
|   2|0x0000000084000000, 0x0000000084000000, 0x0000000084100000|  0%| F|  |TAMS 0x0000000084000000, 0x0000000084000000| Untracked 
|   3|0x0000000084100000, 0x0000000084100000, 0x0000000084200000|  0%| F|  |TAMS 0x0000000084100000, 0x0000000084100000| Untracked 
|   4|0x0000000084200000, 0x0000000084200000, 0x0000000084300000|  0%| F|  |TAMS 0x0000000084200000, 0x0000000084200000| Untracked 
|   5|0x0000000084300000, 0x0000000084300000, 0x0000000084400000|  0%| F|  |TAMS 0x0000000084300000, 0x0000000084300000| Untracked 
|   6|0x0000000084400000, 0x0000000084400000, 0x0000000084500000|  0%| F|  |TAMS 0x0000000084400000, 0x0000000084400000| Untracked 
|   7|0x0000000084500000, 0x0000000084500000, 0x0000000084600000|  0%| F|  |TAMS 0x0000000084500000, 0x0000000084500000| Untracked 
|   8|0x0000000084600000, 0x0000000084600000, 0x0000000084700000|  0%| F|  |TAMS 0x0000000084600000, 0x0000000084600000| Untracked 
|   9|0x0000000084700000, 0x0000000084700000, 0x0000000084800000|  0%| F|  |TAMS 0x0000000084700000, 0x0000000084700000| Untracked 
|  10|0x0000000084800000, 0x0000000084800000, 0x0000000084900000|  0%| F|  |TAMS 0x0000000084800000, 0x0000000084800000| Untracked 
|  11|0x0000000084900000, 0x0000000084900000, 0x0000000084a00000|  0%| F|  |TAMS 0x0000000084900000, 0x0000000084900000| Untracked 
|  12|0x0000000084a00000, 0x0000000084a00000, 0x0000000084b00000|  0%| F|  |TAMS 0x0000000084a00000, 0x0000000084a00000| Untracked 
|  13|0x0000000084b00000, 0x0000000084b00000, 0x0000000084c00000|  0%| F|  |TAMS 0x0000000084b00000, 0x0000000084b00000| Untracked 
|  14|0x0000000084c00000, 0x0000000084c00000, 0x0000000084d00000|  0%| F|  |TAMS 0x0000000084c00000, 0x0000000084c00000| Untracked 
|  15|0x0000000084d00000, 0x0000000084d00000, 0x0000000084e00000|  0%| F|  |TAMS 0x0000000084d00000, 0x0000000084d00000| Untracked 
|  16|0x0000000084e00000, 0x0000000084e00000, 0x0000000084f00000|  0%| F|  |TAMS 0x0000000084e00000, 0x0000000084e00000| Untracked 
|  17|0x0000000084f00000, 0x0000000084f00000, 0x0000000085000000|  0%| F|  |TAMS 0x0000000084f00000, 0x0000000084f00000| Untracked 
|  18|0x0000000085000000, 0x0000000085000000, 0x0000000085100000|  0%| F|  |TAMS 0x0000000085000000, 0x0000000085000000| Untracked 
|  19|0x0000000085100000, 0x0000000085100000, 0x0000000085200000|  0%| F|  |TAMS 0x0000000085100000, 0x0000000085100000| Untracked 
|  20|0x0000000085200000, 0x0000000085200000, 0x0000000085300000|  0%| F|  |TAMS 0x0000000085200000, 0x0000000085200000| Untracked 
|  21|0x0000000085300000, 0x0000000085300000, 0x0000000085400000|  0%| F|  |TAMS 0x0000000085300000, 0x0000000085300000| Untracked 
|  22|0x0000000085400000, 0x0000000085400000, 0x0000000085500000|  0%| F|  |TAMS 0x0000000085400000, 0x0000000085400000| Untracked 
|  23|0x0000000085500000, 0x0000000085500000, 0x0000000085600000|  0%| F|  |TAMS 0x0000000085500000, 0x0000000085500000| Untracked 
|  24|0x0000000085600000, 0x0000000085600000, 0x0000000085700000|  0%| F|  |TAMS 0x0000000085600000, 0x0000000085600000| Untracked 
|  25|0x0000000085700000, 0x0000000085700000, 0x0000000085800000|  0%| F|  |TAMS 0x0000000085700000, 0x0000000085700000| Untracked 
|  26|0x0000000085800000, 0x0000000085800000, 0x0000000085900000|  0%| F|  |TAMS 0x0000000085800000, 0x0000000085800000| Untracked 
|  27|0x0000000085900000, 0x0000000085900000, 0x0000000085a00000|  0%| F|  |TAMS 0x0000000085900000, 0x0000000085900000| Untracked 
|  28|0x0000000085a00000, 0x0000000085a00000, 0x0000000085b00000|  0%| F|  |TAMS 0x0000000085a00000, 0x0000000085a00000| Untracked 
|  29|0x0000000085b00000, 0x0000000085b00000, 0x0000000085c00000|  0%| F|  |TAMS 0x0000000085b00000, 0x0000000085b00000| Untracked 
|  30|0x0000000085c00000, 0x0000000085c00000, 0x0000000085d00000|  0%| F|  |TAMS 0x0000000085c00000, 0x0000000085c00000| Untracked 
|  31|0x0000000085d00000, 0x0000000085d00000, 0x0000000085e00000|  0%| F|  |TAMS 0x0000000085d00000, 0x0000000085d00000| Untracked 
|  32|0x0000000085e00000, 0x0000000085e00000, 0x0000000085f00000|  0%| F|  |TAMS 0x0000000085e00000, 0x0000000085e00000| Untracked 
|  33|0x0000000085f00000, 0x0000000085f00000, 0x0000000086000000|  0%| F|  |TAMS 0x0000000085f00000, 0x0000000085f00000| Untracked 
|  34|0x0000000086000000, 0x0000000086000000, 0x0000000086100000|  0%| F|  |TAMS 0x0000000086000000, 0x0000000086000000| Untracked 
|  35|0x0000000086100000, 0x0000000086100000, 0x0000000086200000|  0%| F|  |TAMS 0x0000000086100000, 0x0000000086100000| Untracked 
|  36|0x0000000086200000, 0x0000000086200000, 0x0000000086300000|  0%| F|  |TAMS 0x0000000086200000, 0x0000000086200000| Untracked 
|  37|0x0000000086300000, 0x0000000086300000, 0x0000000086400000|  0%| F|  |TAMS 0x0000000086300000, 0x0000000086300000| Untracked 
|  38|0x0000000086400000, 0x0000000086400000, 0x0000000086500000|  0%| F|  |TAMS 0x0000000086400000, 0x0000000086400000| Untracked 
|  39|0x0000000086500000, 0x0000000086500000, 0x0000000086600000|  0%| F|  |TAMS 0x0000000086500000, 0x0000000086500000| Untracked 
|  40|0x0000000086600000, 0x0000000086600000, 0x0000000086700000|  0%| F|  |TAMS 0x0000000086600000, 0x0000000086600000| Untracked 
|  41|0x0000000086700000, 0x0000000086700000, 0x0000000086800000|  0%| F|  |TAMS 0x0000000086700000, 0x0000000086700000| Untracked 
|  42|0x0000000086800000, 0x0000000086800000, 0x0000000086900000|  0%| F|  |TAMS 0x0000000086800000, 0x0000000086800000| Untracked 
|  43|0x0000000086900000, 0x0000000086900000, 0x0000000086a00000|  0%| F|  |TAMS 0x0000000086900000, 0x0000000086900000| Untracked 
|  44|0x0000000086a00000, 0x0000000086a00000, 0x0000000086b00000|  0%| F|  |TAMS 0x0000000086a00000, 0x0000000086a00000| Untracked 
|  45|0x0000000086b00000, 0x0000000086b00000, 0x0000000086c00000|  0%| F|  |TAMS 0x0000000086b00000, 0x0000000086b00000| Untracked 
|  46|0x0000000086c00000, 0x0000000086c00000, 0x0000000086d00000|  0%| F|  |TAMS 0x0000000086c00000, 0x0000000086c00000| Untracked 
|  47|0x0000000086d00000, 0x0000000086d00000, 0x0000000086e00000|  0%| F|  |TAMS 0x0000000086d00000, 0x0000000086d00000| Untracked 
|  48|0x0000000086e00000, 0x0000000086e00000, 0x0000000086f00000|  0%| F|  |TAMS 0x0000000086e00000, 0x0000000086e00000| Untracked 
|  49|0x0000000086f00000, 0x0000000086f00000, 0x0000000087000000|  0%| F|  |TAMS 0x0000000086f00000, 0x0000000086f00000| Untracked 
|  50|0x0000000087000000, 0x0000000087000000, 0x0000000087100000|  0%| F|  |TAMS 0x0000000087000000, 0x0000000087000000| Untracked 
|  51|0x0000000087100000, 0x0000000087100000, 0x0000000087200000|  0%| F|  |TAMS 0x0000000087100000, 0x0000000087100000| Untracked 
|  52|0x0000000087200000, 0x0000000087200000, 0x0000000087300000|  0%| F|  |TAMS 0x0000000087200000, 0x0000000087200000| Untracked 
|  53|0x0000000087300000, 0x0000000087300000, 0x0000000087400000|  0%| F|  |TAMS 0x0000000087300000, 0x0000000087300000| Untracked 
|  54|0x0000000087400000, 0x0000000087400000, 0x0000000087500000|  0%| F|  |TAMS 0x0000000087400000, 0x0000000087400000| Untracked 
|  55|0x0000000087500000, 0x0000000087500000, 0x0000000087600000|  0%| F|  |TAMS 0x0000000087500000, 0x0000000087500000| Untracked 
|  56|0x0000000087600000, 0x0000000087600000, 0x0000000087700000|  0%| F|  |TAMS 0x0000000087600000, 0x0000000087600000| Untracked 
|  57|0x0000000087700000, 0x0000000087700000, 0x0000000087800000|  0%| F|  |TAMS 0x0000000087700000, 0x0000000087700000| Untracked 
|  58|0x0000000087800000, 0x0000000087800000, 0x0000000087900000|  0%| F|  |TAMS 0x0000000087800000, 0x0000000087800000| Untracked 
|  59|0x0000000087900000, 0x0000000087900000, 0x0000000087a00000|  0%| F|  |TAMS 0x0000000087900000, 0x0000000087900000| Untracked 
|  60|0x0000000087a00000, 0x0000000087a00000, 0x0000000087b00000|  0%| F|  |TAMS 0x0000000087a00000, 0x0000000087a00000| Untracked 
|  61|0x0000000087b00000, 0x0000000087b00000, 0x0000000087c00000|  0%| F|  |TAMS 0x0000000087b00000, 0x0000000087b00000| Untracked 
|  62|0x0000000087c00000, 0x0000000087c00000, 0x0000000087d00000|  0%| F|  |TAMS 0x0000000087c00000, 0x0000000087c00000| Untracked 
|  63|0x0000000087d00000, 0x0000000087d00000, 0x0000000087e00000|  0%| F|  |TAMS 0x0000000087d00000, 0x0000000087d00000| Untracked 
|  64|0x0000000087e00000, 0x0000000087e00000, 0x0000000087f00000|  0%| F|  |TAMS 0x0000000087e00000, 0x0000000087e00000| Untracked 
|  65|0x0000000087f00000, 0x0000000087f00000, 0x0000000088000000|  0%| F|  |TAMS 0x0000000087f00000, 0x0000000087f00000| Untracked 
|  66|0x0000000088000000, 0x0000000088000000, 0x0000000088100000|  0%| F|  |TAMS 0x0000000088000000, 0x0000000088000000| Untracked 
|  67|0x0000000088100000, 0x0000000088100000, 0x0000000088200000|  0%| F|  |TAMS 0x0000000088100000, 0x0000000088100000| Untracked 
|  68|0x0000000088200000, 0x0000000088200000, 0x0000000088300000|  0%| F|  |TAMS 0x0000000088200000, 0x0000000088200000| Untracked 
|  69|0x0000000088300000, 0x0000000088300000, 0x0000000088400000|  0%| F|  |TAMS 0x0000000088300000, 0x0000000088300000| Untracked 
|  70|0x0000000088400000, 0x0000000088400000, 0x0000000088500000|  0%| F|  |TAMS 0x0000000088400000, 0x0000000088400000| Untracked 
|  71|0x0000000088500000, 0x0000000088500000, 0x0000000088600000|  0%| F|  |TAMS 0x0000000088500000, 0x0000000088500000| Untracked 
|  72|0x0000000088600000, 0x0000000088600000, 0x0000000088700000|  0%| F|  |TAMS 0x0000000088600000, 0x0000000088600000| Untracked 
|  73|0x0000000088700000, 0x0000000088700000, 0x0000000088800000|  0%| F|  |TAMS 0x0000000088700000, 0x0000000088700000| Untracked 
|  74|0x0000000088800000, 0x0000000088800000, 0x0000000088900000|  0%| F|  |TAMS 0x0000000088800000, 0x0000000088800000| Untracked 
|  75|0x0000000088900000, 0x0000000088900000, 0x0000000088a00000|  0%| F|  |TAMS 0x0000000088900000, 0x0000000088900000| Untracked 
|  76|0x0000000088a00000, 0x0000000088a00000, 0x0000000088b00000|  0%| F|  |TAMS 0x0000000088a00000, 0x0000000088a00000| Untracked 
|  77|0x0000000088b00000, 0x0000000088b00000, 0x0000000088c00000|  0%| F|  |TAMS 0x0000000088b00000, 0x0000000088b00000| Untracked 
|  78|0x0000000088c00000, 0x0000000088c00000, 0x0000000088d00000|  0%| F|  |TAMS 0x0000000088c00000, 0x0000000088c00000| Untracked 
|  79|0x0000000088d00000, 0x0000000088d00000, 0x0000000088e00000|  0%| F|  |TAMS 0x0000000088d00000, 0x0000000088d00000| Untracked 
|  80|0x0000000088e00000, 0x0000000088e00000, 0x0000000088f00000|  0%| F|  |TAMS 0x0000000088e00000, 0x0000000088e00000| Untracked 
|  81|0x0000000088f00000, 0x0000000088f00000, 0x0000000089000000|  0%| F|  |TAMS 0x0000000088f00000, 0x0000000088f00000| Untracked 
|  82|0x0000000089000000, 0x0000000089000000, 0x0000000089100000|  0%| F|  |TAMS 0x0000000089000000, 0x0000000089000000| Untracked 
|  83|0x0000000089100000, 0x0000000089100000, 0x0000000089200000|  0%| F|  |TAMS 0x0000000089100000, 0x0000000089100000| Untracked 
|  84|0x0000000089200000, 0x0000000089200000, 0x0000000089300000|  0%| F|  |TAMS 0x0000000089200000, 0x0000000089200000| Untracked 
|  85|0x0000000089300000, 0x0000000089300000, 0x0000000089400000|  0%| F|  |TAMS 0x0000000089300000, 0x0000000089300000| Untracked 
|  86|0x0000000089400000, 0x0000000089400000, 0x0000000089500000|  0%| F|  |TAMS 0x0000000089400000, 0x0000000089400000| Untracked 
|  87|0x0000000089500000, 0x0000000089500000, 0x0000000089600000|  0%| F|  |TAMS 0x0000000089500000, 0x0000000089500000| Untracked 
|  88|0x0000000089600000, 0x0000000089600000, 0x0000000089700000|  0%| F|  |TAMS 0x0000000089600000, 0x0000000089600000| Untracked 
|  89|0x0000000089700000, 0x0000000089700000, 0x0000000089800000|  0%| F|  |TAMS 0x0000000089700000, 0x0000000089700000| Untracked 
|  90|0x0000000089800000, 0x0000000089800000, 0x0000000089900000|  0%| F|  |TAMS 0x0000000089800000, 0x0000000089800000| Untracked 
|  91|0x0000000089900000, 0x0000000089900000, 0x0000000089a00000|  0%| F|  |TAMS 0x0000000089900000, 0x0000000089900000| Untracked 
|  92|0x0000000089a00000, 0x0000000089a00000, 0x0000000089b00000|  0%| F|  |TAMS 0x0000000089a00000, 0x0000000089a00000| Untracked 
|  93|0x0000000089b00000, 0x0000000089b00000, 0x0000000089c00000|  0%| F|  |TAMS 0x0000000089b00000, 0x0000000089b00000| Untracked 
|  94|0x0000000089c00000, 0x0000000089c00000, 0x0000000089d00000|  0%| F|  |TAMS 0x0000000089c00000, 0x0000000089c00000| Untracked 
|  95|0x0000000089d00000, 0x0000000089d00000, 0x0000000089e00000|  0%| F|  |TAMS 0x0000000089d00000, 0x0000000089d00000| Untracked 
|  96|0x0000000089e00000, 0x0000000089e00000, 0x0000000089f00000|  0%| F|  |TAMS 0x0000000089e00000, 0x0000000089e00000| Untracked 
|  97|0x0000000089f00000, 0x0000000089f00000, 0x000000008a000000|  0%| F|  |TAMS 0x0000000089f00000, 0x0000000089f00000| Untracked 
|  98|0x000000008a000000, 0x000000008a000000, 0x000000008a100000|  0%| F|  |TAMS 0x000000008a000000, 0x000000008a000000| Untracked 
|  99|0x000000008a100000, 0x000000008a100000, 0x000000008a200000|  0%| F|  |TAMS 0x000000008a100000, 0x000000008a100000| Untracked 
| 100|0x000000008a200000, 0x000000008a200000, 0x000000008a300000|  0%| F|  |TAMS 0x000000008a200000, 0x000000008a200000| Untracked 
| 101|0x000000008a300000, 0x000000008a300000, 0x000000008a400000|  0%| F|  |TAMS 0x000000008a300000, 0x000000008a300000| Untracked 
| 102|0x000000008a400000, 0x000000008a400000, 0x000000008a500000|  0%| F|  |TAMS 0x000000008a400000, 0x000000008a400000| Untracked 
| 103|0x000000008a500000, 0x000000008a500000, 0x000000008a600000|  0%| F|  |TAMS 0x000000008a500000, 0x000000008a500000| Untracked 
| 104|0x000000008a600000, 0x000000008a600000, 0x000000008a700000|  0%| F|  |TAMS 0x000000008a600000, 0x000000008a600000| Untracked 
| 105|0x000000008a700000, 0x000000008a700000, 0x000000008a800000|  0%| F|  |TAMS 0x000000008a700000, 0x000000008a700000| Untracked 
| 106|0x000000008a800000, 0x000000008a800000, 0x000000008a900000|  0%| F|  |TAMS 0x000000008a800000, 0x000000008a800000| Untracked 
| 107|0x000000008a900000, 0x000000008a900000, 0x000000008aa00000|  0%| F|  |TAMS 0x000000008a900000, 0x000000008a900000| Untracked 
| 108|0x000000008aa00000, 0x000000008aa00000, 0x000000008ab00000|  0%| F|  |TAMS 0x000000008aa00000, 0x000000008aa00000| Untracked 
| 109|0x000000008ab00000, 0x000000008ab00000, 0x000000008ac00000|  0%| F|  |TAMS 0x000000008ab00000, 0x000000008ab00000| Untracked 
| 110|0x000000008ac00000, 0x000000008ac00000, 0x000000008ad00000|  0%| F|  |TAMS 0x000000008ac00000, 0x000000008ac00000| Untracked 
| 111|0x000000008ad00000, 0x000000008ad00000, 0x000000008ae00000|  0%| F|  |TAMS 0x000000008ad00000, 0x000000008ad00000| Untracked 
| 112|0x000000008ae00000, 0x000000008ae00000, 0x000000008af00000|  0%| F|  |TAMS 0x000000008ae00000, 0x000000008ae00000| Untracked 
| 113|0x000000008af00000, 0x000000008af00000, 0x000000008b000000|  0%| F|  |TAMS 0x000000008af00000, 0x000000008af00000| Untracked 
| 114|0x000000008b000000, 0x000000008b000000, 0x000000008b100000|  0%| F|  |TAMS 0x000000008b000000, 0x000000008b000000| Untracked 
| 115|0x000000008b100000, 0x000000008b100000, 0x000000008b200000|  0%| F|  |TAMS 0x000000008b100000, 0x000000008b100000| Untracked 
| 116|0x000000008b200000, 0x000000008b200000, 0x000000008b300000|  0%| F|  |TAMS 0x000000008b200000, 0x000000008b200000| Untracked 
| 117|0x000000008b300000, 0x000000008b300000, 0x000000008b400000|  0%| F|  |TAMS 0x000000008b300000, 0x000000008b300000| Untracked 
| 118|0x000000008b400000, 0x000000008b400000, 0x000000008b500000|  0%| F|  |TAMS 0x000000008b400000, 0x000000008b400000| Untracked 
| 119|0x000000008b500000, 0x000000008b500000, 0x000000008b600000|  0%| F|  |TAMS 0x000000008b500000, 0x000000008b500000| Untracked 
| 120|0x000000008b600000, 0x000000008b600000, 0x000000008b700000|  0%| F|  |TAMS 0x000000008b600000, 0x000000008b600000| Untracked 
| 121|0x000000008b700000, 0x000000008b7f9db0, 0x000000008b800000| 97%| E|  |TAMS 0x000000008b700000, 0x000000008b700000| Complete 
| 122|0x000000008b800000, 0x000000008b900000, 0x000000008b900000|100%| E|CS|TAMS 0x000000008b800000, 0x000000008b800000| Complete 
| 123|0x000000008b900000, 0x000000008ba00000, 0x000000008ba00000|100%| E|CS|TAMS 0x000000008b900000, 0x000000008b900000| Complete 
| 124|0x000000008ba00000, 0x000000008bb00000, 0x000000008bb00000|100%| E|CS|TAMS 0x000000008ba00000, 0x000000008ba00000| Complete 
| 125|0x000000008bb00000, 0x000000008bc00000, 0x000000008bc00000|100%| E|CS|TAMS 0x000000008bb00000, 0x000000008bb00000| Complete 

Card table byte_map: [0x000001fcac750000,0x000001fcacb40000] _byte_map_base: 0x000001fcac331000

Marking Bits (Prev, Next): (CMBitMap*) 0x000001fc94e437d0, (CMBitMap*) 0x000001fc94e43810
 Prev Bits: [0x000001fcacf30000, 0x000001fcaee38000)
 Next Bits: [0x000001fcaee40000, 0x000001fcb0d48000)

Polling page: 0x000001fc92d20000

Metaspace:

Usage:
  Non-class:      4.27 MB capacity,     2.41 MB ( 56%) used,     1.87 MB ( 44%) free+waste,     1.13 KB ( <1%) overhead. 
      Class:    429.00 KB capacity,   247.65 KB ( 58%) used,   180.66 KB ( 42%) free+waste,   704 bytes ( <1%) overhead. 
       Both:      4.69 MB capacity,     2.65 MB ( 56%) used,     2.04 MB ( 44%) free+waste,     1.81 KB ( <1%) overhead. 

Virtual space:
  Non-class space:        8.00 MB reserved,       4.50 MB ( 56%) committed 
      Class space:        1.00 GB reserved,     512.00 KB ( <1%) committed 
             Both:        1.01 GB reserved,       5.00 MB ( <1%) committed 

Chunk freelists:
   Non-Class:  39.00 KB
       Class:  19.00 KB
        Both:  58.00 KB

MaxMetaspaceSize: 17179869184.00 GB
CompressedClassSpaceSize: 1.00 GB

CodeHeap 'non-profiled nmethods': size=120000Kb used=127Kb max_used=127Kb free=119872Kb
 bounds [0x000001fca4b00000, 0x000001fca4d70000, 0x000001fcac030000]
CodeHeap 'profiled nmethods': size=120000Kb used=536Kb max_used=536Kb free=119463Kb
 bounds [0x000001fc9d5d0000, 0x000001fc9d840000, 0x000001fca4b00000]
CodeHeap 'non-nmethods': size=5760Kb used=1222Kb max_used=1242Kb free=4537Kb
 bounds [0x000001fc9d030000, 0x000001fc9d2a0000, 0x000001fc9d5d0000]
 total_blobs=795 nmethods=410 adapters=298
 compilation: enabled
              stopped_count=0, restarted_count=0
 full_count=0

Compilation events (20 events):
Event: 0.437 Thread 0x000001fcb3797a60 nmethod 404 0x000001fc9d652910 code [0x000001fc9d652b00, 0x000001fc9d652f28]
Event: 0.437 Thread 0x000001fcb3797a60  405   !   3       java.security.cert.Certificate::equals (38 bytes)
Event: 0.437 Thread 0x000001fcb3797a60 nmethod 405 0x000001fc9d653110 code [0x000001fc9d653380, 0x000001fc9d654148]
Event: 0.437 Thread 0x000001fcb3797a60  406       3       sun.security.x509.X509CertImpl::getEncodedInternal (20 bytes)
Event: 0.437 Thread 0x000001fcb3796fb0 nmethod 400 0x000001fca4b1e610 code [0x000001fca4b1e7a0, 0x000001fca4b1e908]
Event: 0.437 Thread 0x000001fcb3796fb0  390       4       sun.security.provider.SHA2::lf_sigma0 (20 bytes)
Event: 0.437 Thread 0x000001fcb3797a60 nmethod 406 0x000001fc9d654610 code [0x000001fc9d654800, 0x000001fc9d654d58]
Event: 0.437 Thread 0x000001fcb3796fb0 nmethod 390 0x000001fca4b1ea90 code [0x000001fca4b1ec00, 0x000001fca4b1ec58]
Event: 0.438 Thread 0x000001fcb3796fb0  407       4       sun.security.provider.SHA2::implCompress0 (322 bytes)
Event: 0.439 Thread 0x000001fcb3797a60  408       3       java.lang.Character::toLowerCase (9 bytes)
Event: 0.439 Thread 0x000001fcb3797a60 nmethod 408 0x000001fc9d654f10 code [0x000001fc9d6550c0, 0x000001fc9d655298]
Event: 0.452 Thread 0x000001fcb3796fb0 nmethod 407 0x000001fca4b1ed90 code [0x000001fca4b1ef40, 0x000001fca4b1fb38]
Event: 71.447 Thread 0x000001fcb3797a60  409       3       org.eclipse.jdt.launching.internal.org.objectweb.asm.ClassReader::readUnsignedShort (26 bytes)
Event: 71.447 Thread 0x000001fcb3797a60 nmethod 409 0x000001fc9d655390 code [0x000001fc9d655520, 0x000001fc9d655678]
Event: 71.447 Thread 0x000001fcb3797a60  410       3       java.lang.String::<init> (74 bytes)
Event: 71.447 Thread 0x000001fcb3797a60 nmethod 410 0x000001fc9d655790 code [0x000001fc9d655960, 0x000001fc9d655d38]
Event: 71.447 Thread 0x000001fcb3797a60  411       3       java.lang.StringUTF16::compress (20 bytes)
Event: 71.447 Thread 0x000001fcb3797a60 nmethod 411 0x000001fc9d655e90 code [0x000001fc9d656040, 0x000001fc9d656268]
Event: 380.319 Thread 0x000001fcb3797a60  412       3       org.eclipse.jdt.launching.internal.org.objectweb.asm.ClassReader::readUtf (44 bytes)
Event: 380.323 Thread 0x000001fcb3797a60 


GC Heap History (0 events):
No events

Deoptimization events (20 events):
Event: 0.428 Thread 0x000001fc94e03af0 DEOPT PACKING pc=0x000001fc9d63ecac sp=0x000000786c3f7e70
Event: 0.428 Thread 0x000001fc94e03af0 DEOPT UNPACKING pc=0x000001fc9d07e23f sp=0x000000786c3f7338 mode 0
Event: 0.429 Thread 0x000001fc94e03af0 DEOPT PACKING pc=0x000001fc9d63ecac sp=0x000000786c3f7e70
Event: 0.429 Thread 0x000001fc94e03af0 DEOPT UNPACKING pc=0x000001fc9d07e23f sp=0x000000786c3f7338 mode 0
Event: 0.431 Thread 0x000001fc94e03af0 DEOPT PACKING pc=0x000001fc9d63ecac sp=0x000000786c3fb950
Event: 0.431 Thread 0x000001fc94e03af0 DEOPT UNPACKING pc=0x000001fc9d07e23f sp=0x000000786c3fae18 mode 0
Event: 0.431 Thread 0x000001fc94e03af0 DEOPT PACKING pc=0x000001fc9d63ecac sp=0x000000786c3fb950
Event: 0.431 Thread 0x000001fc94e03af0 DEOPT UNPACKING pc=0x000001fc9d07e23f sp=0x000000786c3fae18 mode 0
Event: 0.432 Thread 0x000001fc94e03af0 DEOPT PACKING pc=0x000001fc9d63ecac sp=0x000000786c3f7df0
Event: 0.432 Thread 0x000001fc94e03af0 DEOPT UNPACKING pc=0x000001fc9d07e23f sp=0x000000786c3f72b8 mode 0
Event: 0.438 Thread 0x000001fc94e03af0 DEOPT PACKING pc=0x000001fc9d63eee1 sp=0x000000786c3f7a60
Event: 0.438 Thread 0x000001fc94e03af0 DEOPT UNPACKING pc=0x000001fc9d07e23f sp=0x000000786c3f6f28 mode 0
Event: 0.438 Thread 0x000001fc94e03af0 DEOPT PACKING pc=0x000001fc9d63eee1 sp=0x000000786c3f7a60
Event: 0.438 Thread 0x000001fc94e03af0 DEOPT UNPACKING pc=0x000001fc9d07e23f sp=0x000000786c3f6f28 mode 0
Event: 0.438 Thread 0x000001fc94e03af0 DEOPT PACKING pc=0x000001fc9d63ecac sp=0x000000786c3f7a60
Event: 0.438 Thread 0x000001fc94e03af0 DEOPT UNPACKING pc=0x000001fc9d07e23f sp=0x000000786c3f6f28 mode 0
Event: 0.438 Thread 0x000001fc94e03af0 DEOPT PACKING pc=0x000001fc9d63ecac sp=0x000000786c3f7a60
Event: 0.438 Thread 0x000001fc94e03af0 DEOPT UNPACKING pc=0x000001fc9d07e23f sp=0x000000786c3f6f28 mode 0
Event: 0.439 Thread 0x000001fc94e03af0 DEOPT PACKING pc=0x000001fc9d63ecac sp=0x000000786c3f7a60
Event: 0.439 Thread 0x000001fc94e03af0 DEOPT UNPACKING pc=0x000001fc9d07e23f sp=0x000000786c3f6f28 mode 0

Classes unloaded (0 events):
No events

Classes redefined (3 events):
Event: 58.655 Thread 0x000001fcb37709a0 redefined class name=MinimumAndMaximumTutorial9thNov2020, count=1
Event: 71.448 Thread 0x000001fcb37709a0 redefined class name=MinimumAndMaximumTutorial9thNov2020, count=2
Event: 380.320 Thread 0x000001fcb37709a0 redefined class name=MinimumAndMaximumTutorial9thNov2020, count=3

Internal exceptions (3 events):
Event: 0.342 Thread 0x000001fc94e03af0 Exception <a 'java/lang/NoSuchMethodError'{0x000000008b923ff8}: 'void java.lang.invoke.DirectMethodHandle$Holder.invokeStatic(java.lang.Object, java.lang.Object)'> (0x000000008b923ff8) 
thrown [./open/src/hotspot/share/interpreter/linkResolver.cpp, line 782]
Event: 0.343 Thread 0x000001fc94e03af0 Exception <a 'java/lang/NoSuchMethodError'{0x000000008b927ca0}: 'void java.lang.invoke.DirectMethodHandle$Holder.invokeStaticInit(java.lang.Object, java.lang.Object)'> (0x000000008b927ca0) 
thrown [./open/src/hotspot/share/interpreter/linkResolver.cpp, line 782]
Event: 0.409 Thread 0x000001fc94e03af0 Exception <a 'java/lang/NoSuchMethodError'{0x000000008b8c2330}: 'java.lang.Object java.lang.invoke.DirectMethodHandle$Holder.invokeStatic(java.lang.Object)'> (0x000000008b8c2330) 
thrown [./open/src/hotspot/share/interpreter/linkResolver.cpp, line 782]

Events (20 events):
Event: 58.715 Executing VM operation: GetFrameCount done
Event: 71.447 Executing VM operation: RedefineClasses
Event: 71.452 Executing VM operation: RedefineClasses done
Event: 71.452 Executing VM operation: GetFrameCount
Event: 71.452 Executing VM operation: GetFrameCount done
Event: 71.452 Executing VM operation: GetStackTrace
Event: 71.452 Executing VM operation: GetStackTrace done
Event: 71.670 Executing VM operation: GetFrameCount
Event: 71.670 Executing VM operation: GetFrameCount done
Event: 380.319 Executing VM operation: RedefineClasses
Event: 380.323 Executing VM operation: RedefineClasses done
Event: 380.323 Executing VM operation: GetFrameCount
Event: 380.323 Executing VM operation: GetFrameCount done
Event: 380.323 Executing VM operation: GetStackTrace
Event: 380.324 Executing VM operation: GetStackTrace done
Event: 380.581 Executing VM operation: GetFrameCount
Event: 380.581 Executing VM operation: GetFrameCount done
Event: 472.738 Executing VM operation: ChangeBreakpoints
Event: 472.739 Executing VM operation: ChangeBreakpoints done
Event: 536.623 Executing VM operation: ChangeBreakpoints


Dynamic libraries:
0x00007ff681ae0000 - 0x00007ff681aef000 	C:\Program Files\Java\jdk-15\bin\javaw.exe
0x00007ffb29cc0000 - 0x00007ffb29eb0000 	C:\Windows\SYSTEM32\ntdll.dll
0x00007ffb285e0000 - 0x00007ffb28692000 	C:\Windows\System32\KERNEL32.DLL
0x00007ffb26e70000 - 0x00007ffb27115000 	C:\Windows\System32\KERNELBASE.dll
0x00007ffb27a50000 - 0x00007ffb27b4a000 	C:\Windows\System32\ucrtbase.dll
0x00007ffb15c60000 - 0x00007ffb15c78000 	C:\Program Files\Java\jdk-15\bin\jli.dll
0x00007ffb14d00000 - 0x00007ffb14d19000 	C:\Program Files\Java\jdk-15\bin\VCRUNTIME140.dll
0x00007ffb27d70000 - 0x00007ffb27e13000 	C:\Windows\System32\ADVAPI32.dll
0x00007ffb288a0000 - 0x00007ffb2893e000 	C:\Windows\System32\msvcrt.dll
0x00007ffb29630000 - 0x00007ffb296c7000 	C:\Windows\System32\sechost.dll
0x00007ffb28780000 - 0x00007ffb288a0000 	C:\Windows\System32\RPCRT4.dll
0x00007ffb27ed0000 - 0x00007ffb28064000 	C:\Windows\System32\USER32.dll
0x00007ffb27200000 - 0x00007ffb27221000 	C:\Windows\System32\win32u.dll
0x00007ffb29bd0000 - 0x00007ffb29bf6000 	C:\Windows\System32\GDI32.dll
0x00007ffb04bb0000 - 0x00007ffb04e34000 	C:\Windows\WinSxS\amd64_microsoft.windows.common-controls_6595b64144ccf1df_6.0.18362.1139_none_9e7bf2d3e4605ac6\COMCTL32.dll
0x00007ffb26c50000 - 0x00007ffb26de6000 	C:\Windows\System32\gdi32full.dll
0x00007ffb279b0000 - 0x00007ffb27a4e000 	C:\Windows\System32\msvcp_win.dll
0x00007ffb28070000 - 0x00007ffb283a5000 	C:\Windows\System32\combase.dll
0x00007ffb26df0000 - 0x00007ffb26e70000 	C:\Windows\System32\bcryptPrimitives.dll
0x00007ffb1ba80000 - 0x00007ffb1ba8a000 	C:\Windows\SYSTEM32\VERSION.dll
0x00007ffb29450000 - 0x00007ffb2947e000 	C:\Windows\System32\IMM32.DLL
0x00007ffb15c90000 - 0x00007ffb15c9c000 	C:\Program Files\Java\jdk-15\bin\vcruntime140_1.dll
0x00007ffaf2940000 - 0x00007ffaf29d1000 	C:\Program Files\Java\jdk-15\bin\msvcp140.dll
0x00007ffaaa020000 - 0x00007ffaaab7c000 	C:\Program Files\Java\jdk-15\bin\server\jvm.dll
0x00007ffb29440000 - 0x00007ffb29448000 	C:\Windows\System32\PSAPI.DLL
0x00007ffb20780000 - 0x00007ffb207a4000 	C:\Windows\SYSTEM32\WINMM.dll
0x00007ffb07b20000 - 0x00007ffb07b29000 	C:\Windows\SYSTEM32\WSOCK32.dll
0x00007ffb296d0000 - 0x00007ffb2973f000 	C:\Windows\System32\WS2_32.dll
0x00007ffb20750000 - 0x00007ffb2077d000 	C:\Windows\SYSTEM32\winmmbase.dll
0x00007ffb27120000 - 0x00007ffb2716a000 	C:\Windows\System32\cfgmgr32.dll
0x00007ffb26bc0000 - 0x00007ffb26bd1000 	C:\Windows\System32\kernel.appcore.dll
0x00007ffb15c50000 - 0x00007ffb15c5a000 	C:\Program Files\Java\jdk-15\bin\jimage.dll
0x00007ffb1fe20000 - 0x00007ffb20014000 	C:\Windows\SYSTEM32\DBGHELP.DLL
0x00007ffb07590000 - 0x00007ffb075ba000 	C:\Windows\SYSTEM32\dbgcore.DLL
0x00007ffb02350000 - 0x00007ffb02389000 	C:\Program Files\Java\jdk-15\bin\jdwp.dll
0x00007ffb214a0000 - 0x00007ffb214ae000 	C:\Program Files\Java\jdk-15\bin\instrument.dll
0x00007ffb13480000 - 0x00007ffb134a5000 	C:\Program Files\Java\jdk-15\bin\java.dll
0x00007ffb28c00000 - 0x00007ffb292e7000 	C:\Windows\System32\SHELL32.dll
0x00007ffb27e20000 - 0x00007ffb27ec9000 	C:\Windows\System32\shcore.dll
0x00007ffb27230000 - 0x00007ffb279b0000 	C:\Windows\System32\windows.storage.dll
0x00007ffb26b90000 - 0x00007ffb26bb3000 	C:\Windows\System32\profapi.dll
0x00007ffb26c00000 - 0x00007ffb26c4a000 	C:\Windows\System32\powrprof.dll
0x00007ffb26b80000 - 0x00007ffb26b90000 	C:\Windows\System32\UMPDC.dll
0x00007ffb28940000 - 0x00007ffb28992000 	C:\Windows\System32\shlwapi.dll
0x00007ffb27d50000 - 0x00007ffb27d67000 	C:\Windows\System32\cryptsp.dll
0x00007ffb1e300000 - 0x00007ffb1e30b000 	C:\Program Files\Java\jdk-15\bin\dt_socket.dll
0x00007ffb260e0000 - 0x00007ffb2611a000 	C:\Windows\SYSTEM32\IPHLPAPI.DLL
0x00007ffb263d0000 - 0x00007ffb26437000 	C:\Windows\system32\mswsock.dll
0x00007ffb26120000 - 0x00007ffb261eb000 	C:\Windows\SYSTEM32\DNSAPI.dll
0x00007ffb28700000 - 0x00007ffb28708000 	C:\Windows\System32\NSI.dll
0x00007ffb1c5e0000 - 0x00007ffb1c5ea000 	C:\Windows\System32\rasadhlp.dll
0x00007ffb19ab0000 - 0x00007ffb19b27000 	C:\Windows\System32\fwpuclnt.dll
0x00007ffb27170000 - 0x00007ffb27196000 	C:\Windows\System32\bcrypt.dll
0x00007ffb0dca0000 - 0x00007ffb0dcb8000 	C:\Program Files\Java\jdk-15\bin\zip.dll
0x00007ffb12760000 - 0x00007ffb12779000 	C:\Program Files\Java\jdk-15\bin\net.dll
0x00007ffb1f150000 - 0x00007ffb1f240000 	C:\Windows\SYSTEM32\WINHTTP.dll
0x00007ffb10770000 - 0x00007ffb10782000 	C:\Program Files\Java\jdk-15\bin\nio.dll
0x00007ffb15050000 - 0x00007ffb15060000 	C:\Program Files\Java\jdk-15\bin\verify.dll

dbghelp: loaded successfully - version: 4.0.5 - missing functions: none
symbol engine: initialized successfully - sym options: 0x614 - pdb path: .;C:\Program Files\Java\jdk-15\bin;C:\Windows\SYSTEM32;C:\Windows\WinSxS\amd64_microsoft.windows.common-controls_6595b64144ccf1df_6.0.18362.1139_none_9e7bf2d3e4605ac6;C:\Program Files\Java\jdk-15\bin\server

VM Arguments:
jvm_args: -agentlib:jdwp=transport=dt_socket,suspend=y,address=localhost:50929 -javaagent:C:\Users\hanna\Desktop\eclipse\configuration\org.eclipse.osgi\222\0\.cp\lib\javaagent-shaded.jar -Dfile.encoding=Cp1252 
java_command: MinimumAndMaximumTutorial9thNov2020
java_class_path (initial): C:\Users\hanna\Desktop\MinimumAndMaximumTutorial9thNov2020
Launcher Type: SUN_STANDARD

[Global flags]
     intx CICompilerCount                          = 4                                         {product} {ergonomic}
     uint ConcGCThreads                            = 2                                         {product} {ergonomic}
     uint G1ConcRefinementThreads                  = 8                                         {product} {ergonomic}
   size_t G1HeapRegionSize                         = 1048576                                   {product} {ergonomic}
    uintx GCDrainStackTargetSize                   = 64                                        {product} {ergonomic}
   size_t InitialHeapSize                          = 132120576                                 {product} {ergonomic}
   size_t MarkStackSize                            = 4194304                                   {product} {ergonomic}
   size_t MaxHeapSize                              = 2082471936                                {product} {ergonomic}
   size_t MaxNewSize                               = 1248854016                                {product} {ergonomic}
   size_t MinHeapDeltaBytes                        = 1048576                                   {product} {ergonomic}
   size_t MinHeapSize                              = 8388608                                   {product} {ergonomic}
    uintx NonNMethodCodeHeapSize                   = 5839372                                {pd product} {ergonomic}
    uintx NonProfiledCodeHeapSize                  = 122909434                              {pd product} {ergonomic}
    uintx ProfiledCodeHeapSize                     = 122909434                              {pd product} {ergonomic}
    uintx ReservedCodeCacheSize                    = 251658240                              {pd product} {ergonomic}
     bool SegmentedCodeCache                       = true                                      {product} {ergonomic}
   size_t SoftMaxHeapSize                          = 2082471936                             {manageable} {ergonomic}
     bool UseCompressedClassPointers               = true                                 {lp64_product} {ergonomic}
     bool UseCompressedOops                        = true                                 {lp64_product} {ergonomic}
     bool UseG1GC                                  = true                                      {product} {ergonomic}
     bool UseLargePagesIndividualAllocation        = false                                  {pd product} {ergonomic}

Logging:
Log output configuration:
 #0: stdout all=warning uptime,level,tags
 #1: stderr all=off uptime,level,tags

Environment Variables:
PATH=C:\Program Files\Common Files\Oracle\Java\javapath;C:\Program Files (x86)\Common Files\Oracle\Java\javapath;C:\Windows\system32;C:\Windows;C:\Windows\System32\Wbem;C:\Windows\System32\WindowsPowerShell\v1.0\;C:\Windows\System32\OpenSSH\;C:\ProgramData\chocolatey\bin;C:\Program Files\Git\cmd;C:\Program Files (x86)\GNU Arm Embedded Toolchain\9 2020-q2-update\bin;C:\Users\hanna\AppData\Local\Microsoft\WindowsApps;C:\Users\hanna\Desktop\Microsoft VS Code\bin;C:\ProgramData\hanna\GitHubDesktop\bin;C:\Users\hanna\AppData\Local\GitHubDesktop\bin
USERNAME=hanna
OS=Windows_NT
PROCESSOR_IDENTIFIER=Intel64 Family 6 Model 142 Stepping 12, GenuineIntel



---------------  S Y S T E M  ---------------

OS:
 Windows 10 , 64 bit Build 18362 (10.0.18362.1110)
OS uptime: 6 days 19:31 hours

CPU: total 8 (initial active 8) (4 cores per cpu, 2 threads per core) family 6 model 142 stepping 12, cmov, cx8, fxsr, mmx, sse, sse2, sse3, ssse3, sse4.1, sse4.2, popcnt, vzeroupper, avx, avx2, aes, clmul, erms, 3dnowpref, lzcnt, ht, tsc, tscinvbit, bmi1, bmi2, adx, fma, clflush, clflushopt

Memory: 4k page, system-wide physical 7942M (1077M free)
TotalPageFile size 13249M (AvailPageFile size 1860M)
current process WorkingSet (physical memory assigned to process): 39M, peak: 42M
current process commit charge ("private bytes"): 214M, peak: 216M

vm_info: Java HotSpot(TM) 64-Bit Server VM (15+36-1562) for windows-amd64 JRE (15+36-1562), built on Aug 11 2020 22:38:02 by "mach5one" with unknown MS VC++:1925

END.
