#
# A fatal error has been detected by the Java Runtime Environment:
#
#  EXCEPTION_ACCESS_VIOLATION (0xc0000005) at pc=0x00007ff89e60c3a3, pid=23664, tid=26892
#
# JRE version: Java(TM) SE Runtime Environment (15.0+36) (build 15+36-1562)
# Java VM: Java HotSpot(TM) 64-Bit Server VM (15+36-1562, mixed mode, sharing, tiered, compressed oops, g1 gc, windows-amd64)
# Problematic frame:
# V  [jvm.dll+0xfc3a3]
#
# No core dump will be written. Minidumps are not enabled by default on client versions of Windows
#
# If you would like to submit a bug report, please visit:
#   https://bugreport.java.com/bugreport/crash.jsp
#

---------------  S U M M A R Y ------------

Command Line: -agentlib:jdwp=transport=dt_socket,suspend=y,address=localhost:55093 -javaagent:C:\Users\hanna\OneDrive\Desktop\eclipse\configuration\org.eclipse.osgi\222\0\.cp\lib\javaagent-shaded.jar -Dfile.encoding=Cp1252 WordLinks

Host: Intel(R) Core(TM) i5-10210U CPU @ 1.60GHz, 8 cores, 7G,  Windows 10 , 64 bit Build 18362 (10.0.18362.1350)
Time: Fri Mar 26 11:35:50 2021 GMT Standard Time elapsed time: 363.567626 seconds (0d 0h 6m 3s)

---------------  T H R E A D  ---------------

Current thread (0x000001d6ef6b7670):  JavaThread "JDWP Transport Listener: dt_socket" daemon [_thread_in_vm, id=26892, stack(0x0000005a0c200000,0x0000005a0c300000)]

Stack: [0x0000005a0c200000,0x0000005a0c300000],  sp=0x0000005a0c2fdfa8,  free space=1015k
Native frames: (J=compiled Java code, j=interpreted, Vv=VM code, C=native code)
V  [jvm.dll+0xfc3a3]
V  [jvm.dll+0xfc1bc]
V  [jvm.dll+0x6ac6a5]
V  [jvm.dll+0x5cebc2]
V  [jvm.dll+0x20ad1f]
V  [jvm.dll+0x5db075]
V  [jvm.dll+0x1be0f6]
V  [jvm.dll+0x1be6b5]
V  [jvm.dll+0x1bf279]
V  [jvm.dll+0x1b27d1]
V  [jvm.dll+0x503da8]
V  [jvm.dll+0x705c6a]
V  [jvm.dll+0x4f5464]
V  [jvm.dll+0x4f488a]
V  [jvm.dll+0x786e85]
V  [jvm.dll+0x4d6d91]
V  [jvm.dll+0x499aed]
C  [jdwp.dll+0xa4d4]


siginfo: EXCEPTION_ACCESS_VIOLATION (0xc0000005), reading address 0xffffffffffffffff


Register to memory mapping:

RIP=0x00007ff89e60c3a3 jvm.dll
RAX=0x000001d6ef079fa8 is pointing into metadata
RBX=0x0 is NULL
RCX=0x000301d6ef079fc8 is an unknown value
RDX=0x000001d6ef07ca70 is pointing into metadata
RSP=0x0000005a0c2fdfa8 is pointing into the stack for thread: 0x000001d6ef6b7670
RBP=0x000000000000001a is an unknown value
RSI=0x000001d6ef7f4570 points into unknown readable memory: 0x000001d6ef7f49f0 | f0 49 7f ef d6 01 00 00
RDI=0x0 is NULL
R8 =0x000301d6ef079fc8 is an unknown value
R9 =0x000001d6ef082578 is pointing into metadata
R10=0x000001d6ef7f49f0 points into unknown readable memory: 0x000000000000133c | 3c 13 00 00 00 00 00 00
R11=0x000001d6ef07ca70 is pointing into metadata
R12=0x000001d6ef6b7670 is a thread
R13=0x0 is NULL
R14=0x000001d6ef7f4570 points into unknown readable memory: 0x000001d6ef7f49f0 | f0 49 7f ef d6 01 00 00
R15=0x000001d6eebec850 points into unknown readable memory: 0x000001d6ef5cbd90 | 90 bd 5c ef d6 01 00 00


Registers:
RAX=0x000001d6ef079fa8, RBX=0x0000000000000000, RCX=0x000301d6ef079fc8, RDX=0x000001d6ef07ca70
RSP=0x0000005a0c2fdfa8, RBP=0x000000000000001a, RSI=0x000001d6ef7f4570, RDI=0x0000000000000000
R8 =0x000301d6ef079fc8, R9 =0x000001d6ef082578, R10=0x000001d6ef7f49f0, R11=0x000001d6ef07ca70
R12=0x000001d6ef6b7670, R13=0x0000000000000000, R14=0x000001d6ef7f4570, R15=0x000001d6eebec850
RIP=0x00007ff89e60c3a3, EFLAGS=0x0000000000010246

Top of Stack: (sp=0x0000005a0c2fdfa8)
0x0000005a0c2fdfa8:   00007ff89e60c1bc 000000000000001a
0x0000005a0c2fdfb8:   000001d6ef07ca70 0000000000000000
0x0000005a0c2fdfc8:   0000000000000000 000000000000145f
0x0000005a0c2fdfd8:   00007ff89ebbc6a5 000001d6eebe0d30
0x0000005a0c2fdfe8:   000001d6ef748d40 000001d6eebe0d30
0x0000005a0c2fdff8:   00007ff89e60c1bc 0000000000000001
0x0000005a0c2fe008:   00007ff89eadebc2 0000000000000009
0x0000005a0c2fe018:   0000000000000008 000000000000001a
0x0000005a0c2fe028:   0000000000000000 000001d6ef080040
0x0000005a0c2fe038:   00007ff89ebbc6f5 000001d6eebe0d30
0x0000005a0c2fe048:   000001d6ef748d40 000001d6eebe0d30
0x0000005a0c2fe058:   000001d6ef748d40 0000000000000001
0x0000005a0c2fe068:   00007ff89eaded81 0000000000000029
0x0000005a0c2fe078:   0000000000000002 0000000000000006
0x0000005a0c2fe088:   0000000000000000 000001d6ce020000
0x0000005a0c2fe098:   0000005a0c2fe319 000001d6ce020000 

Instructions: (pc=0x00007ff89e60c3a3)
0x00007ff89e60c2a3:   81 30 75 00 48 89 44 24 38 48 8d 05 7d 30 75 00
0x00007ff89e60c2b3:   48 89 44 24 30 48 8d 05 79 30 75 00 48 89 44 24
0x00007ff89e60c2c3:   28 48 8d 05 75 30 75 00 48 89 44 24 20 e8 6b fc
0x00007ff89e60c2d3:   52 00 48 83 c4 60 5b c3 cc cc cc cc cc 48 89 5c
0x00007ff89e60c2e3:   24 08 48 89 74 24 10 57 48 83 ec 40 48 8b 19 48
0x00007ff89e60c2f3:   8b fa 48 8b f1 48 8d 15 c9 8a 74 00 48 8b cf e8
0x00007ff89e60c303:   39 ff ff ff 48 8b 5b 10 48 8d 05 be 2f 75 00 48
0x00007ff89e60c313:   89 44 24 20 48 89 7c 24 28 c7 44 24 30 00 00 00
0x00007ff89e60c323:   00 48 85 db 74 2f 48 8b 53 28 48 8d 4c 24 20 ff
0x00007ff89e60c333:   15 a0 2f 75 00 48 8b 44 24 20 48 8d 4c 24 20 48
0x00007ff89e60c343:   8b d3 ff 10 48 8b 44 24 20 48 8d 4c 24 20 48 8b
0x00007ff89e60c353:   53 30 ff 50 08 48 8b 4e 08 48 85 c9 74 08 48 8b
0x00007ff89e60c363:   d7 e8 f7 af 5a 00 48 8b 5c 24 50 48 8b 74 24 58
0x00007ff89e60c373:   48 83 c4 40 5f c3 cc cc cc cc cc cc cc 48 89 5c
0x00007ff89e60c383:   24 08 48 89 7c 24 10 48 8b 42 10 4c 8b d1 48 8b
0x00007ff89e60c393:   4a 18 32 db 4c 8b 4a 08 33 ff 4c 8b da 4c 8b c1
0x00007ff89e60c3a3:   48 3b 11 0f 85 91 00 00 00 4d 85 c9 75 0c 48 89
0x00007ff89e60c3b3:   79 08 48 89 39 e9 a1 00 00 00 0f 10 42 20 4d 8d
0x00007ff89e60c3c3:   41 20 49 8b c1 41 0f 11 00 0f 10 4a 30 41 0f 11
0x00007ff89e60c3d3:   48 10 0f 10 42 40 41 0f 11 40 20 f2 0f 10 4a 50
0x00007ff89e60c3e3:   f2 41 0f 11 48 30 0f 1f 80 00 00 00 00 4c 89 40
0x00007ff89e60c3f3:   18 48 8b 40 08 48 85 c0 75 f3 49 8b 40 20 48 85
0x00007ff89e60c403:   c0 74 14 48 3b 48 28 75 06 4c 89 40 28 eb 04 4c
0x00007ff89e60c413:   89 40 30 49 89 40 20 49 8b 40 30 48 85 c0 74 04
0x00007ff89e60c423:   4c 89 40 20 49 8b 40 28 48 85 c0 74 04 4c 89 40
0x00007ff89e60c433:   20 4d 89 08 49 89 79 10 eb 21 4d 85 c9 75 0f 48
0x00007ff89e60c443:   89 41 08 48 85 c0 74 06 4c 89 48 08 eb 0d 4c 89
0x00007ff89e60c453:   48 08 4d 85 c9 74 04 49 89 41 10 49 ff 48 18 49
0x00007ff89e60c463:   8b 52 10 49 8b 40 18 48 3b ca 75 0b 4d 89 42 10
0x00007ff89e60c473:   49 8b d0 49 8b 40 18 48 85 c0 0f 85 c9 00 00 00
0x00007ff89e60c483:   49 8b 40 28 48 85 c0 75 06 49 8b 40 30 eb 63 49
0x00007ff89e60c493:   8b 48 30 48 85 c9 74 5a 48 8b c1 b3 01 48 8b 49 


Stack slot to memory mapping:
stack at sp + 0 slots: 0x00007ff89e60c1bc jvm.dll
stack at sp + 1 slots: 0x000000000000001a is an unknown value
stack at sp + 2 slots: 0x000001d6ef07ca70 is pointing into metadata
stack at sp + 3 slots: 0x0 is NULL
stack at sp + 4 slots: 0x0 is NULL
stack at sp + 5 slots: 0x000000000000145f is an unknown value
stack at sp + 6 slots: 0x00007ff89ebbc6a5 jvm.dll
stack at sp + 7 slots: 0x000001d6eebe0d30 points into unknown readable memory: 0x000001d6ef6b7670 | 70 76 6b ef d6 01 00 00


---------------  P R O C E S S  ---------------

Threads class SMR info:
_java_thread_list=0x000001d6ef7fe830, length=14, elements={
0x000001d6d0243f60, 0x000001d6eebcadf0, 0x000001d6eebcc160, 0x000001d6eebed410,
0x000001d6eebefde0, 0x000001d6eebf4080, 0x000001d6eebf8e70, 0x000001d6eebf33d0,
0x000001d6ef538070, 0x000001d6ef5f48e0, 0x000001d6ef6b7670, 0x000001d6ef6b8510,
0x000001d6ef6b8a00, 0x000001d6ef802910
}

Java Threads: ( => current thread )
  0x000001d6d0243f60 JavaThread "main" [_thread_blocked, id=1524, stack(0x0000005a0b200000,0x0000005a0b300000)]
  0x000001d6eebcadf0 JavaThread "Reference Handler" daemon [_thread_blocked, id=13236, stack(0x0000005a0b900000,0x0000005a0ba00000)]
  0x000001d6eebcc160 JavaThread "Finalizer" daemon [_thread_blocked, id=15048, stack(0x0000005a0ba00000,0x0000005a0bb00000)]
  0x000001d6eebed410 JavaThread "Signal Dispatcher" daemon [_thread_blocked, id=28028, stack(0x0000005a0bb00000,0x0000005a0bc00000)]
  0x000001d6eebefde0 JavaThread "Attach Listener" daemon [_thread_blocked, id=30624, stack(0x0000005a0bc00000,0x0000005a0bd00000)]
  0x000001d6eebf4080 JavaThread "Service Thread" daemon [_thread_blocked, id=29892, stack(0x0000005a0bd00000,0x0000005a0be00000)]
  0x000001d6eebf8e70 JavaThread "C2 CompilerThread0" daemon [_thread_blocked, id=8496, stack(0x0000005a0be00000,0x0000005a0bf00000)]
  0x000001d6eebf33d0 JavaThread "C1 CompilerThread0" daemon [_thread_blocked, id=31352, stack(0x0000005a0bf00000,0x0000005a0c000000)]
  0x000001d6ef538070 JavaThread "Sweeper thread" daemon [_thread_blocked, id=30420, stack(0x0000005a0c000000,0x0000005a0c100000)]
  0x000001d6ef5f48e0 JavaThread "Common-Cleaner" daemon [_thread_blocked, id=29476, stack(0x0000005a0c100000,0x0000005a0c200000)]
=>0x000001d6ef6b7670 JavaThread "JDWP Transport Listener: dt_socket" daemon [_thread_in_vm, id=26892, stack(0x0000005a0c200000,0x0000005a0c300000)]
  0x000001d6ef6b8510 JavaThread "JDWP Event Helper Thread" daemon [_thread_blocked, id=25392, stack(0x0000005a0c300000,0x0000005a0c400000)]
  0x000001d6ef6b8a00 JavaThread "JDWP Command Reader" daemon [_thread_in_native, id=32340, stack(0x0000005a0c400000,0x0000005a0c500000)]
  0x000001d6ef802910 JavaThread "Notification Thread" daemon [_thread_blocked, id=28244, stack(0x0000005a0c500000,0x0000005a0c600000)]

Other Threads:
  0x000001d6eebc8dd0 VMThread "VM Thread" [stack: 0x0000005a0b800000,0x0000005a0b900000] [id=32328]
  0x000001d6d0245110 WatcherThread [stack: 0x0000005a0c600000,0x0000005a0c700000] [id=25876]
  0x000001d6d0280bc0 GCTaskThread "GC Thread#0" [stack: 0x0000005a0b300000,0x0000005a0b400000] [id=684]
  0x000001d6d02925e0 ConcurrentGCThread "G1 Main Marker" [stack: 0x0000005a0b400000,0x0000005a0b500000] [id=23276]
  0x000001d6d0293970 ConcurrentGCThread "G1 Conc#0" [stack: 0x0000005a0b500000,0x0000005a0b600000] [id=10492]
  0x000001d6d030eb60 ConcurrentGCThread "G1 Refine#0" [stack: 0x0000005a0b600000,0x0000005a0b700000] [id=11032]
  0x000001d6eea41c50 ConcurrentGCThread "G1 Young RemSet Sampling" [stack: 0x0000005a0b700000,0x0000005a0b800000] [id=24636]

Threads with active compile tasks:

VM state: not at safepoint (normal execution)

VM Mutex/Monitor currently owned by a thread: None

Heap address: 0x0000000083e00000, size: 1986 MB, Compressed Oops mode: 32-bit
CDS archive(s) mapped at: [0x0000000800000000-0x0000000800b50000-0x0000000800b50000), size 11862016, SharedBaseAddress: 0x0000000800000000, ArchiveRelocationMode: 0.
Compressed class space mapped at: 0x0000000800b50000-0x0000000840b50000, size: 1073741824
Narrow klass base: 0x0000000800000000, Narrow klass shift: 3, Narrow klass range: 0x100000000

GC Precious Log:
 CPUs: 8 total, 8 available
 Memory: 7942M
 Large Page Support: Disabled
 NUMA Support: Disabled
 Compressed Oops: Enabled (32-bit)
 Heap Region Size: 1M
 Heap Min Capacity: 8M
 Heap Initial Capacity: 126M
 Heap Max Capacity: 1986M
 Pre-touch: Disabled
 Parallel Workers: 8
 Concurrent Workers: 2
 Concurrent Refinement Workers: 8
 Periodic GC: Disabled

Heap:
 garbage-first heap   total 129024K, used 4096K [0x0000000083e00000, 0x0000000100000000)
  region size 1024K, 5 young (5120K), 0 survivors (0K)
 Metaspace       used 2756K, capacity 4870K, committed 5120K, reserved 1056768K
  class space    used 248K, capacity 429K, committed 512K, reserved 1048576K

Heap Regions: E=young(eden), S=young(survivor), O=old, HS=humongous(starts), HC=humongous(continues), CS=collection set, F=free, OA=open archive, CA=closed archive, TAMS=top-at-mark-start (previous, next)
|   0|0x0000000083e00000, 0x0000000083e00000, 0x0000000083f00000|  0%| F|  |TAMS 0x0000000083e00000, 0x0000000083e00000| Untracked 
|   1|0x0000000083f00000, 0x0000000083f00000, 0x0000000084000000|  0%| F|  |TAMS 0x0000000083f00000, 0x0000000083f00000| Untracked 
|   2|0x0000000084000000, 0x0000000084000000, 0x0000000084100000|  0%| F|  |TAMS 0x0000000084000000, 0x0000000084000000| Untracked 
|   3|0x0000000084100000, 0x0000000084100000, 0x0000000084200000|  0%| F|  |TAMS 0x0000000084100000, 0x0000000084100000| Untracked 
|   4|0x0000000084200000, 0x0000000084200000, 0x0000000084300000|  0%| F|  |TAMS 0x0000000084200000, 0x0000000084200000| Untracked 
|   5|0x0000000084300000, 0x0000000084300000, 0x0000000084400000|  0%| F|  |TAMS 0x0000000084300000, 0x0000000084300000| Untracked 
|   6|0x0000000084400000, 0x0000000084400000, 0x0000000084500000|  0%| F|  |TAMS 0x0000000084400000, 0x0000000084400000| Untracked 
|   7|0x0000000084500000, 0x0000000084500000, 0x0000000084600000|  0%| F|  |TAMS 0x0000000084500000, 0x0000000084500000| Untracked 
|   8|0x0000000084600000, 0x0000000084600000, 0x0000000084700000|  0%| F|  |TAMS 0x0000000084600000, 0x0000000084600000| Untracked 
|   9|0x0000000084700000, 0x0000000084700000, 0x0000000084800000|  0%| F|  |TAMS 0x0000000084700000, 0x0000000084700000| Untracked 
|  10|0x0000000084800000, 0x0000000084800000, 0x0000000084900000|  0%| F|  |TAMS 0x0000000084800000, 0x0000000084800000| Untracked 
|  11|0x0000000084900000, 0x0000000084900000, 0x0000000084a00000|  0%| F|  |TAMS 0x0000000084900000, 0x0000000084900000| Untracked 
|  12|0x0000000084a00000, 0x0000000084a00000, 0x0000000084b00000|  0%| F|  |TAMS 0x0000000084a00000, 0x0000000084a00000| Untracked 
|  13|0x0000000084b00000, 0x0000000084b00000, 0x0000000084c00000|  0%| F|  |TAMS 0x0000000084b00000, 0x0000000084b00000| Untracked 
|  14|0x0000000084c00000, 0x0000000084c00000, 0x0000000084d00000|  0%| F|  |TAMS 0x0000000084c00000, 0x0000000084c00000| Untracked 
|  15|0x0000000084d00000, 0x0000000084d00000, 0x0000000084e00000|  0%| F|  |TAMS 0x0000000084d00000, 0x0000000084d00000| Untracked 
|  16|0x0000000084e00000, 0x0000000084e00000, 0x0000000084f00000|  0%| F|  |TAMS 0x0000000084e00000, 0x0000000084e00000| Untracked 
|  17|0x0000000084f00000, 0x0000000084f00000, 0x0000000085000000|  0%| F|  |TAMS 0x0000000084f00000, 0x0000000084f00000| Untracked 
|  18|0x0000000085000000, 0x0000000085000000, 0x0000000085100000|  0%| F|  |TAMS 0x0000000085000000, 0x0000000085000000| Untracked 
|  19|0x0000000085100000, 0x0000000085100000, 0x0000000085200000|  0%| F|  |TAMS 0x0000000085100000, 0x0000000085100000| Untracked 
|  20|0x0000000085200000, 0x0000000085200000, 0x0000000085300000|  0%| F|  |TAMS 0x0000000085200000, 0x0000000085200000| Untracked 
|  21|0x0000000085300000, 0x0000000085300000, 0x0000000085400000|  0%| F|  |TAMS 0x0000000085300000, 0x0000000085300000| Untracked 
|  22|0x0000000085400000, 0x0000000085400000, 0x0000000085500000|  0%| F|  |TAMS 0x0000000085400000, 0x0000000085400000| Untracked 
|  23|0x0000000085500000, 0x0000000085500000, 0x0000000085600000|  0%| F|  |TAMS 0x0000000085500000, 0x0000000085500000| Untracked 
|  24|0x0000000085600000, 0x0000000085600000, 0x0000000085700000|  0%| F|  |TAMS 0x0000000085600000, 0x0000000085600000| Untracked 
|  25|0x0000000085700000, 0x0000000085700000, 0x0000000085800000|  0%| F|  |TAMS 0x0000000085700000, 0x0000000085700000| Untracked 
|  26|0x0000000085800000, 0x0000000085800000, 0x0000000085900000|  0%| F|  |TAMS 0x0000000085800000, 0x0000000085800000| Untracked 
|  27|0x0000000085900000, 0x0000000085900000, 0x0000000085a00000|  0%| F|  |TAMS 0x0000000085900000, 0x0000000085900000| Untracked 
|  28|0x0000000085a00000, 0x0000000085a00000, 0x0000000085b00000|  0%| F|  |TAMS 0x0000000085a00000, 0x0000000085a00000| Untracked 
|  29|0x0000000085b00000, 0x0000000085b00000, 0x0000000085c00000|  0%| F|  |TAMS 0x0000000085b00000, 0x0000000085b00000| Untracked 
|  30|0x0000000085c00000, 0x0000000085c00000, 0x0000000085d00000|  0%| F|  |TAMS 0x0000000085c00000, 0x0000000085c00000| Untracked 
|  31|0x0000000085d00000, 0x0000000085d00000, 0x0000000085e00000|  0%| F|  |TAMS 0x0000000085d00000, 0x0000000085d00000| Untracked 
|  32|0x0000000085e00000, 0x0000000085e00000, 0x0000000085f00000|  0%| F|  |TAMS 0x0000000085e00000, 0x0000000085e00000| Untracked 
|  33|0x0000000085f00000, 0x0000000085f00000, 0x0000000086000000|  0%| F|  |TAMS 0x0000000085f00000, 0x0000000085f00000| Untracked 
|  34|0x0000000086000000, 0x0000000086000000, 0x0000000086100000|  0%| F|  |TAMS 0x0000000086000000, 0x0000000086000000| Untracked 
|  35|0x0000000086100000, 0x0000000086100000, 0x0000000086200000|  0%| F|  |TAMS 0x0000000086100000, 0x0000000086100000| Untracked 
|  36|0x0000000086200000, 0x0000000086200000, 0x0000000086300000|  0%| F|  |TAMS 0x0000000086200000, 0x0000000086200000| Untracked 
|  37|0x0000000086300000, 0x0000000086300000, 0x0000000086400000|  0%| F|  |TAMS 0x0000000086300000, 0x0000000086300000| Untracked 
|  38|0x0000000086400000, 0x0000000086400000, 0x0000000086500000|  0%| F|  |TAMS 0x0000000086400000, 0x0000000086400000| Untracked 
|  39|0x0000000086500000, 0x0000000086500000, 0x0000000086600000|  0%| F|  |TAMS 0x0000000086500000, 0x0000000086500000| Untracked 
|  40|0x0000000086600000, 0x0000000086600000, 0x0000000086700000|  0%| F|  |TAMS 0x0000000086600000, 0x0000000086600000| Untracked 
|  41|0x0000000086700000, 0x0000000086700000, 0x0000000086800000|  0%| F|  |TAMS 0x0000000086700000, 0x0000000086700000| Untracked 
|  42|0x0000000086800000, 0x0000000086800000, 0x0000000086900000|  0%| F|  |TAMS 0x0000000086800000, 0x0000000086800000| Untracked 
|  43|0x0000000086900000, 0x0000000086900000, 0x0000000086a00000|  0%| F|  |TAMS 0x0000000086900000, 0x0000000086900000| Untracked 
|  44|0x0000000086a00000, 0x0000000086a00000, 0x0000000086b00000|  0%| F|  |TAMS 0x0000000086a00000, 0x0000000086a00000| Untracked 
|  45|0x0000000086b00000, 0x0000000086b00000, 0x0000000086c00000|  0%| F|  |TAMS 0x0000000086b00000, 0x0000000086b00000| Untracked 
|  46|0x0000000086c00000, 0x0000000086c00000, 0x0000000086d00000|  0%| F|  |TAMS 0x0000000086c00000, 0x0000000086c00000| Untracked 
|  47|0x0000000086d00000, 0x0000000086d00000, 0x0000000086e00000|  0%| F|  |TAMS 0x0000000086d00000, 0x0000000086d00000| Untracked 
|  48|0x0000000086e00000, 0x0000000086e00000, 0x0000000086f00000|  0%| F|  |TAMS 0x0000000086e00000, 0x0000000086e00000| Untracked 
|  49|0x0000000086f00000, 0x0000000086f00000, 0x0000000087000000|  0%| F|  |TAMS 0x0000000086f00000, 0x0000000086f00000| Untracked 
|  50|0x0000000087000000, 0x0000000087000000, 0x0000000087100000|  0%| F|  |TAMS 0x0000000087000000, 0x0000000087000000| Untracked 
|  51|0x0000000087100000, 0x0000000087100000, 0x0000000087200000|  0%| F|  |TAMS 0x0000000087100000, 0x0000000087100000| Untracked 
|  52|0x0000000087200000, 0x0000000087200000, 0x0000000087300000|  0%| F|  |TAMS 0x0000000087200000, 0x0000000087200000| Untracked 
|  53|0x0000000087300000, 0x0000000087300000, 0x0000000087400000|  0%| F|  |TAMS 0x0000000087300000, 0x0000000087300000| Untracked 
|  54|0x0000000087400000, 0x0000000087400000, 0x0000000087500000|  0%| F|  |TAMS 0x0000000087400000, 0x0000000087400000| Untracked 
|  55|0x0000000087500000, 0x0000000087500000, 0x0000000087600000|  0%| F|  |TAMS 0x0000000087500000, 0x0000000087500000| Untracked 
|  56|0x0000000087600000, 0x0000000087600000, 0x0000000087700000|  0%| F|  |TAMS 0x0000000087600000, 0x0000000087600000| Untracked 
|  57|0x0000000087700000, 0x0000000087700000, 0x0000000087800000|  0%| F|  |TAMS 0x0000000087700000, 0x0000000087700000| Untracked 
|  58|0x0000000087800000, 0x0000000087800000, 0x0000000087900000|  0%| F|  |TAMS 0x0000000087800000, 0x0000000087800000| Untracked 
|  59|0x0000000087900000, 0x0000000087900000, 0x0000000087a00000|  0%| F|  |TAMS 0x0000000087900000, 0x0000000087900000| Untracked 
|  60|0x0000000087a00000, 0x0000000087a00000, 0x0000000087b00000|  0%| F|  |TAMS 0x0000000087a00000, 0x0000000087a00000| Untracked 
|  61|0x0000000087b00000, 0x0000000087b00000, 0x0000000087c00000|  0%| F|  |TAMS 0x0000000087b00000, 0x0000000087b00000| Untracked 
|  62|0x0000000087c00000, 0x0000000087c00000, 0x0000000087d00000|  0%| F|  |TAMS 0x0000000087c00000, 0x0000000087c00000| Untracked 
|  63|0x0000000087d00000, 0x0000000087d00000, 0x0000000087e00000|  0%| F|  |TAMS 0x0000000087d00000, 0x0000000087d00000| Untracked 
|  64|0x0000000087e00000, 0x0000000087e00000, 0x0000000087f00000|  0%| F|  |TAMS 0x0000000087e00000, 0x0000000087e00000| Untracked 
|  65|0x0000000087f00000, 0x0000000087f00000, 0x0000000088000000|  0%| F|  |TAMS 0x0000000087f00000, 0x0000000087f00000| Untracked 
|  66|0x0000000088000000, 0x0000000088000000, 0x0000000088100000|  0%| F|  |TAMS 0x0000000088000000, 0x0000000088000000| Untracked 
|  67|0x0000000088100000, 0x0000000088100000, 0x0000000088200000|  0%| F|  |TAMS 0x0000000088100000, 0x0000000088100000| Untracked 
|  68|0x0000000088200000, 0x0000000088200000, 0x0000000088300000|  0%| F|  |TAMS 0x0000000088200000, 0x0000000088200000| Untracked 
|  69|0x0000000088300000, 0x0000000088300000, 0x0000000088400000|  0%| F|  |TAMS 0x0000000088300000, 0x0000000088300000| Untracked 
|  70|0x0000000088400000, 0x0000000088400000, 0x0000000088500000|  0%| F|  |TAMS 0x0000000088400000, 0x0000000088400000| Untracked 
|  71|0x0000000088500000, 0x0000000088500000, 0x0000000088600000|  0%| F|  |TAMS 0x0000000088500000, 0x0000000088500000| Untracked 
|  72|0x0000000088600000, 0x0000000088600000, 0x0000000088700000|  0%| F|  |TAMS 0x0000000088600000, 0x0000000088600000| Untracked 
|  73|0x0000000088700000, 0x0000000088700000, 0x0000000088800000|  0%| F|  |TAMS 0x0000000088700000, 0x0000000088700000| Untracked 
|  74|0x0000000088800000, 0x0000000088800000, 0x0000000088900000|  0%| F|  |TAMS 0x0000000088800000, 0x0000000088800000| Untracked 
|  75|0x0000000088900000, 0x0000000088900000, 0x0000000088a00000|  0%| F|  |TAMS 0x0000000088900000, 0x0000000088900000| Untracked 
|  76|0x0000000088a00000, 0x0000000088a00000, 0x0000000088b00000|  0%| F|  |TAMS 0x0000000088a00000, 0x0000000088a00000| Untracked 
|  77|0x0000000088b00000, 0x0000000088b00000, 0x0000000088c00000|  0%| F|  |TAMS 0x0000000088b00000, 0x0000000088b00000| Untracked 
|  78|0x0000000088c00000, 0x0000000088c00000, 0x0000000088d00000|  0%| F|  |TAMS 0x0000000088c00000, 0x0000000088c00000| Untracked 
|  79|0x0000000088d00000, 0x0000000088d00000, 0x0000000088e00000|  0%| F|  |TAMS 0x0000000088d00000, 0x0000000088d00000| Untracked 
|  80|0x0000000088e00000, 0x0000000088e00000, 0x0000000088f00000|  0%| F|  |TAMS 0x0000000088e00000, 0x0000000088e00000| Untracked 
|  81|0x0000000088f00000, 0x0000000088f00000, 0x0000000089000000|  0%| F|  |TAMS 0x0000000088f00000, 0x0000000088f00000| Untracked 
|  82|0x0000000089000000, 0x0000000089000000, 0x0000000089100000|  0%| F|  |TAMS 0x0000000089000000, 0x0000000089000000| Untracked 
|  83|0x0000000089100000, 0x0000000089100000, 0x0000000089200000|  0%| F|  |TAMS 0x0000000089100000, 0x0000000089100000| Untracked 
|  84|0x0000000089200000, 0x0000000089200000, 0x0000000089300000|  0%| F|  |TAMS 0x0000000089200000, 0x0000000089200000| Untracked 
|  85|0x0000000089300000, 0x0000000089300000, 0x0000000089400000|  0%| F|  |TAMS 0x0000000089300000, 0x0000000089300000| Untracked 
|  86|0x0000000089400000, 0x0000000089400000, 0x0000000089500000|  0%| F|  |TAMS 0x0000000089400000, 0x0000000089400000| Untracked 
|  87|0x0000000089500000, 0x0000000089500000, 0x0000000089600000|  0%| F|  |TAMS 0x0000000089500000, 0x0000000089500000| Untracked 
|  88|0x0000000089600000, 0x0000000089600000, 0x0000000089700000|  0%| F|  |TAMS 0x0000000089600000, 0x0000000089600000| Untracked 
|  89|0x0000000089700000, 0x0000000089700000, 0x0000000089800000|  0%| F|  |TAMS 0x0000000089700000, 0x0000000089700000| Untracked 
|  90|0x0000000089800000, 0x0000000089800000, 0x0000000089900000|  0%| F|  |TAMS 0x0000000089800000, 0x0000000089800000| Untracked 
|  91|0x0000000089900000, 0x0000000089900000, 0x0000000089a00000|  0%| F|  |TAMS 0x0000000089900000, 0x0000000089900000| Untracked 
|  92|0x0000000089a00000, 0x0000000089a00000, 0x0000000089b00000|  0%| F|  |TAMS 0x0000000089a00000, 0x0000000089a00000| Untracked 
|  93|0x0000000089b00000, 0x0000000089b00000, 0x0000000089c00000|  0%| F|  |TAMS 0x0000000089b00000, 0x0000000089b00000| Untracked 
|  94|0x0000000089c00000, 0x0000000089c00000, 0x0000000089d00000|  0%| F|  |TAMS 0x0000000089c00000, 0x0000000089c00000| Untracked 
|  95|0x0000000089d00000, 0x0000000089d00000, 0x0000000089e00000|  0%| F|  |TAMS 0x0000000089d00000, 0x0000000089d00000| Untracked 
|  96|0x0000000089e00000, 0x0000000089e00000, 0x0000000089f00000|  0%| F|  |TAMS 0x0000000089e00000, 0x0000000089e00000| Untracked 
|  97|0x0000000089f00000, 0x0000000089f00000, 0x000000008a000000|  0%| F|  |TAMS 0x0000000089f00000, 0x0000000089f00000| Untracked 
|  98|0x000000008a000000, 0x000000008a000000, 0x000000008a100000|  0%| F|  |TAMS 0x000000008a000000, 0x000000008a000000| Untracked 
|  99|0x000000008a100000, 0x000000008a100000, 0x000000008a200000|  0%| F|  |TAMS 0x000000008a100000, 0x000000008a100000| Untracked 
| 100|0x000000008a200000, 0x000000008a200000, 0x000000008a300000|  0%| F|  |TAMS 0x000000008a200000, 0x000000008a200000| Untracked 
| 101|0x000000008a300000, 0x000000008a300000, 0x000000008a400000|  0%| F|  |TAMS 0x000000008a300000, 0x000000008a300000| Untracked 
| 102|0x000000008a400000, 0x000000008a400000, 0x000000008a500000|  0%| F|  |TAMS 0x000000008a400000, 0x000000008a400000| Untracked 
| 103|0x000000008a500000, 0x000000008a500000, 0x000000008a600000|  0%| F|  |TAMS 0x000000008a500000, 0x000000008a500000| Untracked 
| 104|0x000000008a600000, 0x000000008a600000, 0x000000008a700000|  0%| F|  |TAMS 0x000000008a600000, 0x000000008a600000| Untracked 
| 105|0x000000008a700000, 0x000000008a700000, 0x000000008a800000|  0%| F|  |TAMS 0x000000008a700000, 0x000000008a700000| Untracked 
| 106|0x000000008a800000, 0x000000008a800000, 0x000000008a900000|  0%| F|  |TAMS 0x000000008a800000, 0x000000008a800000| Untracked 
| 107|0x000000008a900000, 0x000000008a900000, 0x000000008aa00000|  0%| F|  |TAMS 0x000000008a900000, 0x000000008a900000| Untracked 
| 108|0x000000008aa00000, 0x000000008aa00000, 0x000000008ab00000|  0%| F|  |TAMS 0x000000008aa00000, 0x000000008aa00000| Untracked 
| 109|0x000000008ab00000, 0x000000008ab00000, 0x000000008ac00000|  0%| F|  |TAMS 0x000000008ab00000, 0x000000008ab00000| Untracked 
| 110|0x000000008ac00000, 0x000000008ac00000, 0x000000008ad00000|  0%| F|  |TAMS 0x000000008ac00000, 0x000000008ac00000| Untracked 
| 111|0x000000008ad00000, 0x000000008ad00000, 0x000000008ae00000|  0%| F|  |TAMS 0x000000008ad00000, 0x000000008ad00000| Untracked 
| 112|0x000000008ae00000, 0x000000008ae00000, 0x000000008af00000|  0%| F|  |TAMS 0x000000008ae00000, 0x000000008ae00000| Untracked 
| 113|0x000000008af00000, 0x000000008af00000, 0x000000008b000000|  0%| F|  |TAMS 0x000000008af00000, 0x000000008af00000| Untracked 
| 114|0x000000008b000000, 0x000000008b000000, 0x000000008b100000|  0%| F|  |TAMS 0x000000008b000000, 0x000000008b000000| Untracked 
| 115|0x000000008b100000, 0x000000008b100000, 0x000000008b200000|  0%| F|  |TAMS 0x000000008b100000, 0x000000008b100000| Untracked 
| 116|0x000000008b200000, 0x000000008b200000, 0x000000008b300000|  0%| F|  |TAMS 0x000000008b200000, 0x000000008b200000| Untracked 
| 117|0x000000008b300000, 0x000000008b300000, 0x000000008b400000|  0%| F|  |TAMS 0x000000008b300000, 0x000000008b300000| Untracked 
| 118|0x000000008b400000, 0x000000008b400000, 0x000000008b500000|  0%| F|  |TAMS 0x000000008b400000, 0x000000008b400000| Untracked 
| 119|0x000000008b500000, 0x000000008b500000, 0x000000008b600000|  0%| F|  |TAMS 0x000000008b500000, 0x000000008b500000| Untracked 
| 120|0x000000008b600000, 0x000000008b600000, 0x000000008b700000|  0%| F|  |TAMS 0x000000008b600000, 0x000000008b600000| Untracked 
| 121|0x000000008b700000, 0x000000008b7f7478, 0x000000008b800000| 96%| E|  |TAMS 0x000000008b700000, 0x000000008b700000| Complete 
| 122|0x000000008b800000, 0x000000008b900000, 0x000000008b900000|100%| E|CS|TAMS 0x000000008b800000, 0x000000008b800000| Complete 
| 123|0x000000008b900000, 0x000000008ba00000, 0x000000008ba00000|100%| E|CS|TAMS 0x000000008b900000, 0x000000008b900000| Complete 
| 124|0x000000008ba00000, 0x000000008bb00000, 0x000000008bb00000|100%| E|CS|TAMS 0x000000008ba00000, 0x000000008ba00000| Complete 
| 125|0x000000008bb00000, 0x000000008bc00000, 0x000000008bc00000|100%| E|CS|TAMS 0x000000008bb00000, 0x000000008bb00000| Complete 

Card table byte_map: [0x000001d6e7ba0000,0x000001d6e7f90000] _byte_map_base: 0x000001d6e7781000

Marking Bits (Prev, Next): (CMBitMap*) 0x000001d6d0281430, (CMBitMap*) 0x000001d6d0281470
 Prev Bits: [0x000001d6e8380000, 0x000001d6ea288000)
 Next Bits: [0x000001d6ea290000, 0x000001d6ec198000)

Polling page: 0x000001d6ce1c0000

Metaspace:

Usage:
  Non-class:      4.34 MB capacity,     2.45 MB ( 56%) used,     1.89 MB ( 44%) free+waste,     1.19 KB ( <1%) overhead. 
      Class:    429.00 KB capacity,   248.65 KB ( 58%) used,   179.66 KB ( 42%) free+waste,   704 bytes ( <1%) overhead. 
       Both:      4.76 MB capacity,     2.69 MB ( 57%) used,     2.06 MB ( 43%) free+waste,     1.88 KB ( <1%) overhead. 

Virtual space:
  Non-class space:        8.00 MB reserved,       4.50 MB ( 56%) committed 
      Class space:        1.00 GB reserved,     512.00 KB ( <1%) committed 
             Both:        1.01 GB reserved,       5.00 MB ( <1%) committed 

Chunk freelists:
   Non-Class:  39.00 KB
       Class:  19.00 KB
        Both:  58.00 KB

MaxMetaspaceSize: 17179869184.00 GB
CompressedClassSpaceSize: 1.00 GB

CodeHeap 'non-profiled nmethods': size=120000Kb used=121Kb max_used=121Kb free=119878Kb
 bounds [0x000001d6dff40000, 0x000001d6e01b0000, 0x000001d6e7470000]
CodeHeap 'profiled nmethods': size=120000Kb used=559Kb max_used=559Kb free=119440Kb
 bounds [0x000001d6d8a10000, 0x000001d6d8c80000, 0x000001d6dff40000]
CodeHeap 'non-nmethods': size=5760Kb used=1223Kb max_used=1241Kb free=4536Kb
 bounds [0x000001d6d8470000, 0x000001d6d86e0000, 0x000001d6d8a10000]
 total_blobs=800 nmethods=415 adapters=298
 compilation: enabled
              stopped_count=0, restarted_count=0
 full_count=0

Compilation events (20 events):
Event: 265.314 Thread 0x000001d6eebf33d0  408       3       org.eclipse.jdt.launching.internal.org.objectweb.asm.SymbolTable::add (39 bytes)
Event: 265.314 Thread 0x000001d6eebf33d0 nmethod 408 0x000001d6d8a99d90 code [0x000001d6d8a99f40, 0x000001d6d8a9a298]
Event: 265.314 Thread 0x000001d6eebf33d0  410       3       org.eclipse.jdt.launching.internal.org.objectweb.asm.ClassReader::getItem (7 bytes)
Event: 265.314 Thread 0x000001d6eebf33d0 nmethod 410 0x000001d6d8a9a410 code [0x000001d6d8a9a5a0, 0x000001d6d8a9a6d8]
Event: 265.314 Thread 0x000001d6eebf33d0  412       3       org.eclipse.jdt.launching.internal.org.objectweb.asm.SymbolTable::hash (10 bytes)
Event: 265.318 Thread 0x000001d6eebf33d0 

Event: 310.016 Thread 0x000001d6eebf8e70  413       4       org.eclipse.jdt.launching.internal.org.objectweb.asm.ClassReader::readUnsignedShort (26 bytes)
Event: 310.016 Thread 0x000001d6eebf33d0  414       3       org.eclipse.jdt.launching.internal.org.objectweb.asm.SymbolTable$Entry::<init> (17 bytes)
Event: 310.016 Thread 0x000001d6eebf33d0 nmethod 414 0x000001d6d8a9a790 code [0x000001d6d8a9a940, 0x000001d6d8a9aac8]
Event: 310.016 Thread 0x000001d6eebf33d0  416       3       org.eclipse.jdt.launching.internal.org.objectweb.asm.SymbolTable::hash (10 bytes)
Event: 310.016 Thread 0x000001d6eebf33d0 nmethod 416 0x000001d6d8a9ab90 code [0x000001d6d8a9ad40, 0x000001d6d8a9ae68]
Event: 310.016 Thread 0x000001d6eebf33d0  417       3       java.lang.String::rangeCheck (9 bytes)
Event: 310.017 Thread 0x000001d6eebf33d0 nmethod 417 0x000001d6d8a9af90 code [0x000001d6d8a9b140, 0x000001d6d8a9b268]
Event: 310.017 Thread 0x000001d6eebf33d0  415       3       org.eclipse.jdt.launching.internal.org.objectweb.asm.SymbolTable::addConstantUtf8 (20 bytes)
Event: 310.017 Thread 0x000001d6eebf33d0 nmethod 415 0x000001d6d8a9b310 code [0x000001d6d8a9b4e0, 0x000001d6d8a9b788]
Event: 310.019 Thread 0x000001d6eebf8e70 

Event: 321.304 Thread 0x000001d6eebf33d0  418       3       java.lang.String::<init> (14 bytes)
Event: 321.305 Thread 0x000001d6eebf8e70  419       4       org.eclipse.jdt.launching.internal.org.objectweb.asm.ClassReader::readUnsignedShort (26 bytes)
Event: 321.305 Thread 0x000001d6eebf33d0 nmethod 418 0x000001d6d8a9b910 code [0x000001d6d8a9bac0, 0x000001d6d8a9bcb8]
Event: 321.307 Thread 0x000001d6eebf8e70 


GC Heap History (0 events):
No events

Deoptimization events (20 events):
Event: 0.211 Thread 0x000001d6d0243f60 DEOPT PACKING pc=0x000001d6d8a80b61 sp=0x0000005a0b2f7d70
Event: 0.211 Thread 0x000001d6d0243f60 DEOPT UNPACKING pc=0x000001d6d84be23f sp=0x0000005a0b2f7238 mode 0
Event: 0.211 Thread 0x000001d6d0243f60 DEOPT PACKING pc=0x000001d6d8a80b61 sp=0x0000005a0b2f7d70
Event: 0.211 Thread 0x000001d6d0243f60 DEOPT UNPACKING pc=0x000001d6d84be23f sp=0x0000005a0b2f7238 mode 0
Event: 0.212 Thread 0x000001d6d0243f60 DEOPT PACKING pc=0x000001d6d8a80b61 sp=0x0000005a0b2f7d70
Event: 0.212 Thread 0x000001d6d0243f60 DEOPT UNPACKING pc=0x000001d6d84be23f sp=0x0000005a0b2f7238 mode 0
Event: 0.212 Thread 0x000001d6d0243f60 DEOPT PACKING pc=0x000001d6d8a80b61 sp=0x0000005a0b2f7d70
Event: 0.212 Thread 0x000001d6d0243f60 DEOPT UNPACKING pc=0x000001d6d84be23f sp=0x0000005a0b2f7238 mode 0
Event: 0.212 Thread 0x000001d6d0243f60 DEOPT PACKING pc=0x000001d6d8a80b61 sp=0x0000005a0b2f7d70
Event: 0.212 Thread 0x000001d6d0243f60 DEOPT UNPACKING pc=0x000001d6d84be23f sp=0x0000005a0b2f7238 mode 0
Event: 0.212 Thread 0x000001d6d0243f60 DEOPT PACKING pc=0x000001d6d8a80b61 sp=0x0000005a0b2f7d70
Event: 0.212 Thread 0x000001d6d0243f60 DEOPT UNPACKING pc=0x000001d6d84be23f sp=0x0000005a0b2f7238 mode 0
Event: 0.215 Thread 0x000001d6d0243f60 DEOPT PACKING pc=0x000001d6d8a80b61 sp=0x0000005a0b2fb850
Event: 0.215 Thread 0x000001d6d0243f60 DEOPT UNPACKING pc=0x000001d6d84be23f sp=0x0000005a0b2fad18 mode 0
Event: 0.215 Thread 0x000001d6d0243f60 DEOPT PACKING pc=0x000001d6d8a80b61 sp=0x0000005a0b2fb850
Event: 0.215 Thread 0x000001d6d0243f60 DEOPT UNPACKING pc=0x000001d6d84be23f sp=0x0000005a0b2fad18 mode 0
Event: 0.215 Thread 0x000001d6d0243f60 DEOPT PACKING pc=0x000001d6d8a80b61 sp=0x0000005a0b2fb850
Event: 0.215 Thread 0x000001d6d0243f60 DEOPT UNPACKING pc=0x000001d6d84be23f sp=0x0000005a0b2fad18 mode 0
Event: 0.216 Thread 0x000001d6d0243f60 DEOPT PACKING pc=0x000001d6d8a80b61 sp=0x0000005a0b2f7cf0
Event: 0.216 Thread 0x000001d6d0243f60 DEOPT UNPACKING pc=0x000001d6d84be23f sp=0x0000005a0b2f71b8 mode 0

Classes unloaded (0 events):
No events

Classes redefined (5 events):
Event: 110.388 Thread 0x000001d6eebc8dd0 redefined class name=WordLinks, count=1
Event: 196.696 Thread 0x000001d6eebc8dd0 redefined class name=WordLinks, count=2
Event: 265.315 Thread 0x000001d6eebc8dd0 redefined class name=WordLinks, count=3
Event: 310.017 Thread 0x000001d6eebc8dd0 redefined class name=WordLinks, count=4
Event: 321.306 Thread 0x000001d6eebc8dd0 redefined class name=WordLinks, count=5

Internal exceptions (3 events):
Event: 0.127 Thread 0x000001d6d0243f60 Exception <a 'java/lang/NoSuchMethodError'{0x000000008b923ff8}: 'void java.lang.invoke.DirectMethodHandle$Holder.invokeStatic(java.lang.Object, java.lang.Object)'> (0x000000008b923ff8) 
thrown [./open/src/hotspot/share/interpreter/linkResolver.cpp, line 782]
Event: 0.128 Thread 0x000001d6d0243f60 Exception <a 'java/lang/NoSuchMethodError'{0x000000008b927ca0}: 'void java.lang.invoke.DirectMethodHandle$Holder.invokeStaticInit(java.lang.Object, java.lang.Object)'> (0x000000008b927ca0) 
thrown [./open/src/hotspot/share/interpreter/linkResolver.cpp, line 782]
Event: 0.193 Thread 0x000001d6d0243f60 Exception <a 'java/lang/NoSuchMethodError'{0x000000008b8c2220}: 'java.lang.Object java.lang.invoke.DirectMethodHandle$Holder.invokeStatic(java.lang.Object)'> (0x000000008b8c2220) 
thrown [./open/src/hotspot/share/interpreter/linkResolver.cpp, line 782]

Events (20 events):
Event: 310.043 Executing VM operation: GetStackTrace
Event: 310.043 Executing VM operation: GetStackTrace done
Event: 310.081 Executing VM operation: GetFrameCount
Event: 310.081 Executing VM operation: GetFrameCount done
Event: 321.305 Executing VM operation: RedefineClasses
Event: 321.307 Executing VM operation: RedefineClasses done
Event: 321.313 Executing VM operation: ChangeBreakpoints
Event: 321.313 Executing VM operation: ChangeBreakpoints done
Event: 321.316 Executing VM operation: ChangeBreakpoints
Event: 321.317 Executing VM operation: ChangeBreakpoints done
Event: 321.321 Executing VM operation: ChangeBreakpoints
Event: 321.321 Executing VM operation: ChangeBreakpoints done
Event: 321.331 Executing VM operation: ChangeBreakpoints
Event: 321.331 Executing VM operation: ChangeBreakpoints done
Event: 321.332 Executing VM operation: GetFrameCount
Event: 321.332 Executing VM operation: GetFrameCount done
Event: 321.332 Executing VM operation: GetStackTrace
Event: 321.332 Executing VM operation: GetStackTrace done
Event: 321.365 Executing VM operation: GetFrameCount
Event: 321.365 Executing VM operation: GetFrameCount done


Dynamic libraries:
0x00007ff6f6140000 - 0x00007ff6f614f000 	C:\Program Files\Java\jdk-15\bin\javaw.exe
0x00007ff8e8020000 - 0x00007ff8e8210000 	C:\Windows\SYSTEM32\ntdll.dll
0x00007ff8e7060000 - 0x00007ff8e7112000 	C:\Windows\System32\KERNEL32.DLL
0x00007ff8e5a70000 - 0x00007ff8e5d15000 	C:\Windows\System32\KERNELBASE.dll
0x00007ff8e5790000 - 0x00007ff8e588a000 	C:\Windows\System32\ucrtbase.dll
0x00007ff8d9490000 - 0x00007ff8d94a9000 	C:\Program Files\Java\jdk-15\bin\VCRUNTIME140.dll
0x00007ff8dd3b0000 - 0x00007ff8dd3c8000 	C:\Program Files\Java\jdk-15\bin\jli.dll
0x00007ff8e6880000 - 0x00007ff8e6923000 	C:\Windows\System32\ADVAPI32.dll
0x00007ff8e7e90000 - 0x00007ff8e7f2e000 	C:\Windows\System32\msvcrt.dll
0x00007ff8e66a0000 - 0x00007ff8e6737000 	C:\Windows\System32\sechost.dll
0x00007ff8e7d60000 - 0x00007ff8e7e7f000 	C:\Windows\System32\RPCRT4.dll
0x00007ff8e6ad0000 - 0x00007ff8e6c64000 	C:\Windows\System32\USER32.dll
0x00007ff8c90f0000 - 0x00007ff8c9374000 	C:\Windows\WinSxS\amd64_microsoft.windows.common-controls_6595b64144ccf1df_6.0.18362.1440_none_9e7dbfb9e45e8e67\COMCTL32.dll
0x00007ff8e5760000 - 0x00007ff8e5781000 	C:\Windows\System32\win32u.dll
0x00007ff8e6290000 - 0x00007ff8e65c6000 	C:\Windows\System32\combase.dll
0x00007ff8e6040000 - 0x00007ff8e60c1000 	C:\Windows\System32\bcryptPrimitives.dll
0x00007ff8e7020000 - 0x00007ff8e7046000 	C:\Windows\System32\GDI32.dll
0x00007ff8e5e70000 - 0x00007ff8e6008000 	C:\Windows\System32\gdi32full.dll
0x00007ff8e5d20000 - 0x00007ff8e5dbe000 	C:\Windows\System32\msvcp_win.dll
0x00007ff8db9a0000 - 0x00007ff8db9aa000 	C:\Windows\SYSTEM32\VERSION.dll
0x00007ff8e6c70000 - 0x00007ff8e6c9e000 	C:\Windows\System32\IMM32.DLL
0x00007ff8de640000 - 0x00007ff8de64c000 	C:\Program Files\Java\jdk-15\bin\vcruntime140_1.dll
0x00007ff8d1330000 - 0x00007ff8d13c1000 	C:\Program Files\Java\jdk-15\bin\msvcp140.dll
0x00007ff89e510000 - 0x00007ff89f06c000 	C:\Program Files\Java\jdk-15\bin\server\jvm.dll
0x00007ff8e7e80000 - 0x00007ff8e7e88000 	C:\Windows\System32\PSAPI.DLL
0x00007ff8c9fd0000 - 0x00007ff8c9fd9000 	C:\Windows\SYSTEM32\WSOCK32.dll
0x00007ff8d8530000 - 0x00007ff8d8554000 	C:\Windows\SYSTEM32\WINMM.dll
0x00007ff8e7120000 - 0x00007ff8e718f000 	C:\Windows\System32\WS2_32.dll
0x00007ff8d8500000 - 0x00007ff8d852d000 	C:\Windows\SYSTEM32\winmmbase.dll
0x00007ff8e5710000 - 0x00007ff8e575a000 	C:\Windows\System32\cfgmgr32.dll
0x00007ff8e4f30000 - 0x00007ff8e4f41000 	C:\Windows\System32\kernel.appcore.dll
0x00007ff8dc3f0000 - 0x00007ff8dc3fa000 	C:\Program Files\Java\jdk-15\bin\jimage.dll
0x00007ff8dfea0000 - 0x00007ff8e0094000 	C:\Windows\SYSTEM32\DBGHELP.DLL
0x00007ff8da150000 - 0x00007ff8da17a000 	C:\Windows\SYSTEM32\dbgcore.DLL
0x00007ff8d59d0000 - 0x00007ff8d5a09000 	C:\Program Files\Java\jdk-15\bin\jdwp.dll
0x00007ff8d9ae0000 - 0x00007ff8d9aee000 	C:\Program Files\Java\jdk-15\bin\instrument.dll
0x00007ff8d77d0000 - 0x00007ff8d77f5000 	C:\Program Files\Java\jdk-15\bin\java.dll
0x00007ff8e7670000 - 0x00007ff8e7d58000 	C:\Windows\System32\SHELL32.dll
0x00007ff8e6d20000 - 0x00007ff8e6dc7000 	C:\Windows\System32\shcore.dll
0x00007ff8e4f90000 - 0x00007ff8e570b000 	C:\Windows\System32\windows.storage.dll
0x00007ff8e4f70000 - 0x00007ff8e4f8e000 	C:\Windows\System32\profapi.dll
0x00007ff8e4ee0000 - 0x00007ff8e4f2a000 	C:\Windows\System32\powrprof.dll
0x00007ff8e4ed0000 - 0x00007ff8e4ee0000 	C:\Windows\System32\UMPDC.dll
0x00007ff8e60d0000 - 0x00007ff8e6122000 	C:\Windows\System32\shlwapi.dll
0x00007ff8e58f0000 - 0x00007ff8e5907000 	C:\Windows\System32\cryptsp.dll
0x00007ff8d9ac0000 - 0x00007ff8d9acb000 	C:\Program Files\Java\jdk-15\bin\dt_socket.dll
0x00007ff8e4420000 - 0x00007ff8e445a000 	C:\Windows\SYSTEM32\IPHLPAPI.DLL
0x00007ff8e4710000 - 0x00007ff8e4777000 	C:\Windows\system32\mswsock.dll
0x00007ff8e4460000 - 0x00007ff8e452b000 	C:\Windows\SYSTEM32\DNSAPI.dll
0x00007ff8e7600000 - 0x00007ff8e7608000 	C:\Windows\System32\NSI.dll
0x00007ff8dbb60000 - 0x00007ff8dbb6a000 	C:\Windows\System32\rasadhlp.dll
0x00007ff8da9f0000 - 0x00007ff8daa67000 	C:\Windows\System32\fwpuclnt.dll
0x00007ff8e6010000 - 0x00007ff8e6036000 	C:\Windows\System32\bcrypt.dll
0x00007ff8d6f80000 - 0x00007ff8d6f98000 	C:\Program Files\Java\jdk-15\bin\zip.dll
0x00007ff8d8d70000 - 0x00007ff8d8d89000 	C:\Program Files\Java\jdk-15\bin\net.dll
0x00007ff8dd8e0000 - 0x00007ff8dd9da000 	C:\Windows\SYSTEM32\WINHTTP.dll
0x00007ff8d7250000 - 0x00007ff8d7262000 	C:\Program Files\Java\jdk-15\bin\nio.dll
0x00007ff8dbea0000 - 0x00007ff8dbeb0000 	C:\Program Files\Java\jdk-15\bin\verify.dll

dbghelp: loaded successfully - version: 4.0.5 - missing functions: none
symbol engine: initialized successfully - sym options: 0x614 - pdb path: .;C:\Program Files\Java\jdk-15\bin;C:\Windows\SYSTEM32;C:\Windows\WinSxS\amd64_microsoft.windows.common-controls_6595b64144ccf1df_6.0.18362.1440_none_9e7dbfb9e45e8e67;C:\Program Files\Java\jdk-15\bin\server

VM Arguments:
jvm_args: -agentlib:jdwp=transport=dt_socket,suspend=y,address=localhost:55093 -javaagent:C:\Users\hanna\OneDrive\Desktop\eclipse\configuration\org.eclipse.osgi\222\0\.cp\lib\javaagent-shaded.jar -Dfile.encoding=Cp1252 
java_command: WordLinks
java_class_path (initial): C:\Users\hanna\Desktop\WordLinks
Launcher Type: SUN_STANDARD

[Global flags]
     intx CICompilerCount                          = 4                                         {product} {ergonomic}
     uint ConcGCThreads                            = 2                                         {product} {ergonomic}
     uint G1ConcRefinementThreads                  = 8                                         {product} {ergonomic}
   size_t G1HeapRegionSize                         = 1048576                                   {product} {ergonomic}
    uintx GCDrainStackTargetSize                   = 64                                        {product} {ergonomic}
   size_t InitialHeapSize                          = 132120576                                 {product} {ergonomic}
   size_t MarkStackSize                            = 4194304                                   {product} {ergonomic}
   size_t MaxHeapSize                              = 2082471936                                {product} {ergonomic}
   size_t MaxNewSize                               = 1248854016                                {product} {ergonomic}
   size_t MinHeapDeltaBytes                        = 1048576                                   {product} {ergonomic}
   size_t MinHeapSize                              = 8388608                                   {product} {ergonomic}
    uintx NonNMethodCodeHeapSize                   = 5839372                                {pd product} {ergonomic}
    uintx NonProfiledCodeHeapSize                  = 122909434                              {pd product} {ergonomic}
    uintx ProfiledCodeHeapSize                     = 122909434                              {pd product} {ergonomic}
    uintx ReservedCodeCacheSize                    = 251658240                              {pd product} {ergonomic}
     bool SegmentedCodeCache                       = true                                      {product} {ergonomic}
   size_t SoftMaxHeapSize                          = 2082471936                             {manageable} {ergonomic}
     bool UseCompressedClassPointers               = true                                 {lp64_product} {ergonomic}
     bool UseCompressedOops                        = true                                 {lp64_product} {ergonomic}
     bool UseG1GC                                  = true                                      {product} {ergonomic}
     bool UseLargePagesIndividualAllocation        = false                                  {pd product} {ergonomic}

Logging:
Log output configuration:
 #0: stdout all=warning uptime,level,tags
 #1: stderr all=off uptime,level,tags

Environment Variables:
PATH=C:\Program Files\Common Files\Oracle\Java\javapath;C:\Program Files (x86)\Common Files\Oracle\Java\javapath;C:\Windows\system32;C:\Windows;C:\Windows\System32\Wbem;C:\Windows\System32\WindowsPowerShell\v1.0\;C:\Windows\System32\OpenSSH\;C:\ProgramData\chocolatey\bin;C:\Program Files\Git\cmd;C:\Program Files\TortoiseSVN\bin;C:\Program Files (x86)\GNU Arm Embedded Toolchain\9 2020-q2-update\bin;C:\Users\hanna\AppData\Local\Microsoft\WindowsApps;C:\Users\hanna\Desktop\Microsoft VS Code\bin;C:\ProgramData\hanna\GitHubDesktop\bin;C:\Users\hanna\AppData\Local\GitHubDesktop\bin
USERNAME=hanna
OS=Windows_NT
PROCESSOR_IDENTIFIER=Intel64 Family 6 Model 142 Stepping 12, GenuineIntel



---------------  S Y S T E M  ---------------

OS:
 Windows 10 , 64 bit Build 18362 (10.0.18362.1350)
OS uptime: 10 days 15:12 hours

CPU: total 8 (initial active 8) (4 cores per cpu, 2 threads per core) family 6 model 142 stepping 12, cmov, cx8, fxsr, mmx, sse, sse2, sse3, ssse3, sse4.1, sse4.2, popcnt, vzeroupper, avx, avx2, aes, clmul, erms, 3dnowpref, lzcnt, ht, tsc, tscinvbit, bmi1, bmi2, adx, fma, clflush, clflushopt

Memory: 4k page, system-wide physical 7942M (1923M free)
TotalPageFile size 17983M (AvailPageFile size 2373M)
current process WorkingSet (physical memory assigned to process): 40M, peak: 42M
current process commit charge ("private bytes"): 213M, peak: 215M

vm_info: Java HotSpot(TM) 64-Bit Server VM (15+36-1562) for windows-amd64 JRE (15+36-1562), built on Aug 11 2020 22:38:02 by "mach5one" with unknown MS VC++:1925

END.
